2017-03-18 14:25:58,577 [main] [INFO] org.springframework.test.context.support.AbstractTestContextBootstrapper.buildDefaultMergedContextConfiguration[319]- Neither @ContextConfiguration nor @ContextHierarchy found for test class [com.experian.comp.test.ESTest], using SpringBootContextLoader
2017-03-18 14:25:58,592 [main] [INFO] org.springframework.test.context.support.AbstractContextLoader.generateDefaultLocations[264]- Could not detect default resource locations for test class [com.experian.comp.test.ESTest]: no resource found for suffixes {-context.xml, Context.groovy}.
2017-03-18 14:25:58,812 [main] [INFO] org.springframework.test.context.support.AbstractTestContextBootstrapper.getDefaultTestExecutionListenerClassNames[260]- Loaded default TestExecutionListener class names from location [META-INF/spring.factories]: [org.springframework.test.context.web.ServletTestExecutionListener, org.springframework.test.context.support.DirtiesContextBeforeModesTestExecutionListener, org.springframework.test.context.support.DependencyInjectionTestExecutionListener, org.springframework.test.context.support.DirtiesContextTestExecutionListener, org.springframework.test.context.transaction.TransactionalTestExecutionListener, org.springframework.test.context.jdbc.SqlScriptsTestExecutionListener, org.springframework.boot.test.mock.mockito.MockitoTestExecutionListener, org.springframework.boot.test.mock.mockito.ResetMocksTestExecutionListener, org.springframework.boot.test.autoconfigure.restdocs.RestDocsTestExecutionListener, org.springframework.boot.test.autoconfigure.web.client.MockRestServiceServerResetTestExecutionListener, org.springframework.boot.test.autoconfigure.web.servlet.MockMvcPrintOnlyOnFailureTestExecutionListener, org.springframework.boot.test.autoconfigure.web.servlet.WebDriverTestExecutionListener]
2017-03-18 14:25:58,865 [main] [INFO] org.springframework.test.context.support.AbstractTestContextBootstrapper.getTestExecutionListeners[187]- Using TestExecutionListeners: [org.springframework.test.context.web.ServletTestExecutionListener@1325659a, org.springframework.test.context.support.DirtiesContextBeforeModesTestExecutionListener@7c316b47, org.springframework.boot.test.autoconfigure.SpringBootDependencyInjectionTestExecutionListener@107a4204, org.springframework.test.context.support.DirtiesContextTestExecutionListener@4a841d0f, org.springframework.test.context.transaction.TransactionalTestExecutionListener@278fea01, org.springframework.test.context.jdbc.SqlScriptsTestExecutionListener@594bfbf1, org.springframework.boot.test.mock.mockito.MockitoTestExecutionListener@b89b904, org.springframework.boot.test.autoconfigure.web.servlet.WebDriverTestExecutionListener@7ed1bb86, org.springframework.boot.test.autoconfigure.web.servlet.MockMvcPrintOnlyOnFailureTestExecutionListener@7b6e9b75, org.springframework.boot.test.autoconfigure.web.client.MockRestServiceServerResetTestExecutionListener@1aa05da2, org.springframework.boot.test.autoconfigure.restdocs.RestDocsTestExecutionListener@16634456, org.springframework.boot.test.mock.mockito.ResetMocksTestExecutionListener@4f1b7595]
2017-03-18 14:26:00,231 [main] [INFO] org.springframework.context.support.AbstractApplicationContext.prepareRefresh[582]- Refreshing org.springframework.context.annotation.AnnotationConfigApplicationContext@78ac8211: startup date [Sat Mar 18 14:26:00 CST 2017]; root of context hierarchy
2017-03-18 14:26:00,656 [main] [INFO] org.springframework.beans.factory.annotation.AutowiredAnnotationBeanPostProcessor.<init>[155]- JSR-330 'javax.inject.Inject' annotation found and supported for autowiring
2017-03-18 14:26:00,714 [main] [INFO] org.springframework.context.support.PostProcessorRegistrationDelegate$BeanPostProcessorChecker.postProcessAfterInitialization[325]- Bean 'configurationPropertiesRebinderAutoConfiguration' of type [class org.springframework.cloud.autoconfigure.ConfigurationPropertiesRebinderAutoConfiguration$$EnhancerBySpringCGLIB$$80372ed4] is not eligible for getting processed by all BeanPostProcessors (for example: not eligible for auto-proxying)
2017-03-18 14:26:00,813 [background-preinit] [INFO] org.hibernate.validator.internal.util.Version.<clinit>[30]- HV000001: Hibernate Validator 5.2.4.Final
2017-03-18 14:26:01,418 [main] [INFO] org.springframework.boot.SpringApplication.logStartupProfileInfo[665]- The following profiles are active: dev
2017-03-18 14:26:01,425 [main] [INFO] org.springframework.context.support.AbstractApplicationContext.prepareRefresh[582]- Refreshing org.springframework.web.context.support.GenericWebApplicationContext@188af514: startup date [Sat Mar 18 14:26:01 CST 2017]; parent: org.springframework.context.annotation.AnnotationConfigApplicationContext@78ac8211
2017-03-18 14:26:04,244 [main] [INFO] org.springframework.beans.factory.support.DefaultListableBeanFactory.registerBeanDefinition[821]- Overriding bean definition for bean 'managementServletContext' with a different definition: replacing [Root bean: class [null]; scope=; abstract=false; lazyInit=false; autowireMode=3; dependencyCheck=0; autowireCandidate=true; primary=false; factoryBeanName=org.springframework.boot.actuate.autoconfigure.EndpointWebMvcHypermediaManagementContextConfiguration; factoryMethodName=managementServletContext; initMethodName=null; destroyMethodName=(inferred); defined in class path resource [org/springframework/boot/actuate/autoconfigure/EndpointWebMvcHypermediaManagementContextConfiguration.class]] with [Root bean: class [null]; scope=; abstract=false; lazyInit=false; autowireMode=3; dependencyCheck=0; autowireCandidate=true; primary=false; factoryBeanName=org.springframework.boot.actuate.autoconfigure.EndpointWebMvcAutoConfiguration; factoryMethodName=managementServletContext; initMethodName=null; destroyMethodName=(inferred); defined in class path resource [org/springframework/boot/actuate/autoconfigure/EndpointWebMvcAutoConfiguration.class]]
2017-03-18 14:26:04,716 [main] [WARN] org.springframework.context.annotation.ConfigurationClassPostProcessor.enhanceConfigurationClasses[389]- Cannot enhance @Configuration bean definition 'refreshScope' since its singleton instance has been created too early. The typical cause is a non-static @Bean method with a BeanDefinitionRegistryPostProcessor return type: Consider declaring such methods as 'static'.
2017-03-18 14:26:05,146 [main] [INFO] org.springframework.cloud.context.scope.GenericScope.setSerializationId[263]- BeanFactory id=e0d4b4d0-288e-3986-a202-15769c7a11d5
2017-03-18 14:26:05,501 [main] [INFO] org.springframework.beans.factory.annotation.AutowiredAnnotationBeanPostProcessor.<init>[155]- JSR-330 'javax.inject.Inject' annotation found and supported for autowiring
2017-03-18 14:26:05,773 [main] [INFO] org.springframework.context.support.PostProcessorRegistrationDelegate$BeanPostProcessorChecker.postProcessAfterInitialization[325]- Bean 'org.springframework.transaction.annotation.ProxyTransactionManagementConfiguration' of type [class org.springframework.transaction.annotation.ProxyTransactionManagementConfiguration$$EnhancerBySpringCGLIB$$641d2bd7] is not eligible for getting processed by all BeanPostProcessors (for example: not eligible for auto-proxying)
2017-03-18 14:26:06,120 [main] [INFO] org.springframework.context.support.PostProcessorRegistrationDelegate$BeanPostProcessorChecker.postProcessAfterInitialization[325]- Bean 'org.springframework.cloud.netflix.metrics.MetricsInterceptorConfiguration$MetricsRestTemplateConfiguration' of type [class org.springframework.cloud.netflix.metrics.MetricsInterceptorConfiguration$MetricsRestTemplateConfiguration$$EnhancerBySpringCGLIB$$9649d218] is not eligible for getting processed by all BeanPostProcessors (for example: not eligible for auto-proxying)
2017-03-18 14:26:06,169 [main] [INFO] org.springframework.context.support.PostProcessorRegistrationDelegate$BeanPostProcessorChecker.postProcessAfterInitialization[325]- Bean 'org.springframework.cloud.autoconfigure.ConfigurationPropertiesRebinderAutoConfiguration' of type [class org.springframework.cloud.autoconfigure.ConfigurationPropertiesRebinderAutoConfiguration$$EnhancerBySpringCGLIB$$80372ed4] is not eligible for getting processed by all BeanPostProcessors (for example: not eligible for auto-proxying)
2017-03-18 14:26:09,250 [main] [INFO] org.springframework.web.servlet.mvc.method.annotation.RequestMappingHandlerAdapter.initControllerAdviceCache[534]- Looking for @ControllerAdvice: org.springframework.web.context.support.GenericWebApplicationContext@188af514: startup date [Sat Mar 18 14:26:01 CST 2017]; parent: org.springframework.context.annotation.AnnotationConfigApplicationContext@78ac8211
2017-03-18 14:26:09,266 [main] [INFO] org.springframework.web.servlet.mvc.method.annotation.RequestMappingHandlerAdapter.initControllerAdviceCache[566]- Detected ResponseBodyAdvice bean in org.springframework.boot.actuate.autoconfigure.EndpointWebMvcHypermediaManagementContextConfiguration$ActuatorEndpointLinksAdvice
2017-03-18 14:26:09,673 [main] [INFO] org.springframework.web.servlet.handler.AbstractHandlerMethodMapping$MappingRegistry.register[543]- Mapped "{[/error]}" onto public org.springframework.http.ResponseEntity<java.util.Map<java.lang.String, java.lang.Object>> org.springframework.boot.autoconfigure.web.BasicErrorController.error(javax.servlet.http.HttpServletRequest)
2017-03-18 14:26:09,682 [main] [INFO] org.springframework.web.servlet.handler.AbstractHandlerMethodMapping$MappingRegistry.register[543]- Mapped "{[/error],produces=[text/html]}" onto public org.springframework.web.servlet.ModelAndView org.springframework.boot.autoconfigure.web.BasicErrorController.errorHtml(javax.servlet.http.HttpServletRequest,javax.servlet.http.HttpServletResponse)
2017-03-18 14:26:09,908 [main] [INFO] org.springframework.web.servlet.handler.AbstractUrlHandlerMapping.registerHandler[354]- Mapped URL path [/webjars/**] onto handler of type [class org.springframework.web.servlet.resource.ResourceHttpRequestHandler]
2017-03-18 14:26:09,908 [main] [INFO] org.springframework.web.servlet.handler.AbstractUrlHandlerMapping.registerHandler[354]- Mapped URL path [/**] onto handler of type [class org.springframework.web.servlet.resource.ResourceHttpRequestHandler]
2017-03-18 14:26:09,955 [main] [INFO] org.springframework.web.servlet.mvc.method.annotation.ExceptionHandlerExceptionResolver.initExceptionHandlerAdviceCache[277]- Detected ResponseBodyAdvice implementation in org.springframework.boot.actuate.autoconfigure.EndpointWebMvcHypermediaManagementContextConfiguration$ActuatorEndpointLinksAdvice
2017-03-18 14:26:10,040 [main] [INFO] org.springframework.web.servlet.handler.AbstractUrlHandlerMapping.registerHandler[354]- Mapped URL path [/**/favicon.ico] onto handler of type [class org.springframework.web.servlet.resource.ResourceHttpRequestHandler]
2017-03-18 14:26:11,328 [main] [INFO] org.elasticsearch.node.Node.<init>[149]- [Annex] version[2.4.1], pid[51090], build[c67dc32/2016-09-27T18:57:55Z]
2017-03-18 14:26:11,329 [main] [INFO] org.elasticsearch.node.Node.<init>[151]- [Annex] initializing ...
2017-03-18 14:26:11,337 [main] [INFO] org.elasticsearch.plugins.PluginsService.<init>[180]- [Annex] modules [], plugins [], sites []
2017-03-18 14:26:11,385 [main] [INFO] org.elasticsearch.env.NodeEnvironment.maybeLogPathDetails[290]- [Annex] using [1] data paths, mounts [[/Volumes/Goer (/dev/disk0s5)]], net usable_space [12.5gb], net total_space [56.2gb], spins? [unknown], types [hfs]
2017-03-18 14:26:11,386 [main] [INFO] org.elasticsearch.env.NodeEnvironment.maybeLogHeapDetails[305]- [Annex] heap size [1.7gb], compressed ordinary object pointers [true]
2017-03-18 14:26:11,389 [main] [WARN] org.elasticsearch.env.NodeEnvironment.maybeWarnFileDescriptors[315]- [Annex] max file descriptors [10240] for elasticsearch process likely too low, consider increasing to at least [65536]
2017-03-18 14:26:13,352 [main] [WARN] org.elasticsearch.bootstrap.Natives.<clinit>[48]- JNA not found. native methods will be disabled.
java.lang.ClassNotFoundException: com.sun.jna.Native
	at java.net.URLClassLoader$1.run(URLClassLoader.java:366)
	at java.net.URLClassLoader$1.run(URLClassLoader.java:355)
	at java.security.AccessController.doPrivileged(Native Method)
	at java.net.URLClassLoader.findClass(URLClassLoader.java:354)
	at java.lang.ClassLoader.loadClass(ClassLoader.java:425)
	at sun.misc.Launcher$AppClassLoader.loadClass(Launcher.java:308)
	at java.lang.ClassLoader.loadClass(ClassLoader.java:358)
	at java.lang.Class.forName0(Native Method)
	at java.lang.Class.forName(Class.java:191)
	at org.elasticsearch.bootstrap.Natives.<clinit>(Natives.java:45)
	at org.elasticsearch.bootstrap.BootstrapInfo.isMemoryLocked(BootstrapInfo.java:44)
	at org.elasticsearch.monitor.process.ProcessProbe.processInfo(ProcessProbe.java:130)
	at org.elasticsearch.monitor.process.ProcessService.<init>(ProcessService.java:44)
	at sun.reflect.NativeConstructorAccessorImpl.newInstance0(Native Method)
	at sun.reflect.NativeConstructorAccessorImpl.newInstance(NativeConstructorAccessorImpl.java:57)
	at sun.reflect.DelegatingConstructorAccessorImpl.newInstance(DelegatingConstructorAccessorImpl.java:45)
	at java.lang.reflect.Constructor.newInstance(Constructor.java:526)
	at org.elasticsearch.common.inject.DefaultConstructionProxyFactory$1.newInstance(DefaultConstructionProxyFactory.java:50)
	at org.elasticsearch.common.inject.ConstructorInjector.construct(ConstructorInjector.java:86)
	at org.elasticsearch.common.inject.ConstructorBindingImpl$Factory.get(ConstructorBindingImpl.java:104)
	at org.elasticsearch.common.inject.ProviderToInternalFactoryAdapter$1.call(ProviderToInternalFactoryAdapter.java:47)
	at org.elasticsearch.common.inject.InjectorImpl.callInContext(InjectorImpl.java:886)
	at org.elasticsearch.common.inject.ProviderToInternalFactoryAdapter.get(ProviderToInternalFactoryAdapter.java:43)
	at org.elasticsearch.common.inject.Scopes$1$1.get(Scopes.java:59)
	at org.elasticsearch.common.inject.InternalFactoryToProviderAdapter.get(InternalFactoryToProviderAdapter.java:46)
	at org.elasticsearch.common.inject.SingleParameterInjector.inject(SingleParameterInjector.java:42)
	at org.elasticsearch.common.inject.SingleParameterInjector.getAll(SingleParameterInjector.java:66)
	at org.elasticsearch.common.inject.ConstructorInjector.construct(ConstructorInjector.java:85)
	at org.elasticsearch.common.inject.ConstructorBindingImpl$Factory.get(ConstructorBindingImpl.java:104)
	at org.elasticsearch.common.inject.SingleParameterInjector.inject(SingleParameterInjector.java:42)
	at org.elasticsearch.common.inject.SingleParameterInjector.getAll(SingleParameterInjector.java:66)
	at org.elasticsearch.common.inject.ConstructorInjector.construct(ConstructorInjector.java:85)
	at org.elasticsearch.common.inject.ConstructorBindingImpl$Factory.get(ConstructorBindingImpl.java:104)
	at org.elasticsearch.common.inject.ProviderToInternalFactoryAdapter$1.call(ProviderToInternalFactoryAdapter.java:47)
	at org.elasticsearch.common.inject.InjectorImpl.callInContext(InjectorImpl.java:886)
	at org.elasticsearch.common.inject.ProviderToInternalFactoryAdapter.get(ProviderToInternalFactoryAdapter.java:43)
	at org.elasticsearch.common.inject.Scopes$1$1.get(Scopes.java:59)
	at org.elasticsearch.common.inject.InternalFactoryToProviderAdapter.get(InternalFactoryToProviderAdapter.java:46)
	at org.elasticsearch.common.inject.InjectorBuilder$1.call(InjectorBuilder.java:201)
	at org.elasticsearch.common.inject.InjectorBuilder$1.call(InjectorBuilder.java:193)
	at org.elasticsearch.common.inject.InjectorImpl.callInContext(InjectorImpl.java:879)
	at org.elasticsearch.common.inject.InjectorBuilder.loadEagerSingletons(InjectorBuilder.java:193)
	at org.elasticsearch.common.inject.InjectorBuilder.injectDynamically(InjectorBuilder.java:175)
	at org.elasticsearch.common.inject.InjectorBuilder.build(InjectorBuilder.java:110)
	at org.elasticsearch.common.inject.Guice.createInjector(Guice.java:93)
	at org.elasticsearch.common.inject.Guice.createInjector(Guice.java:70)
	at org.elasticsearch.common.inject.ModulesBuilder.createInjector(ModulesBuilder.java:46)
	at org.elasticsearch.node.Node.<init>(Node.java:213)
	at org.elasticsearch.node.Node.<init>(Node.java:140)
	at org.elasticsearch.node.NodeBuilder.build(NodeBuilder.java:143)
	at org.elasticsearch.node.NodeBuilder.node(NodeBuilder.java:150)
	at org.springframework.boot.autoconfigure.data.elasticsearch.ElasticsearchAutoConfiguration.createNodeClient(ElasticsearchAutoConfiguration.java:107)
	at org.springframework.boot.autoconfigure.data.elasticsearch.ElasticsearchAutoConfiguration.createClient(ElasticsearchAutoConfiguration.java:95)
	at org.springframework.boot.autoconfigure.data.elasticsearch.ElasticsearchAutoConfiguration.elasticsearchClient(ElasticsearchAutoConfiguration.java:84)
	at org.springframework.boot.autoconfigure.data.elasticsearch.ElasticsearchAutoConfiguration$$EnhancerBySpringCGLIB$$2f064d0f.CGLIB$elasticsearchClient$1(<generated>)
	at org.springframework.boot.autoconfigure.data.elasticsearch.ElasticsearchAutoConfiguration$$EnhancerBySpringCGLIB$$2f064d0f$$FastClassBySpringCGLIB$$db117386.invoke(<generated>)
	at org.springframework.cglib.proxy.MethodProxy.invokeSuper(MethodProxy.java:228)
	at org.springframework.context.annotation.ConfigurationClassEnhancer$BeanMethodInterceptor.intercept(ConfigurationClassEnhancer.java:356)
	at org.springframework.boot.autoconfigure.data.elasticsearch.ElasticsearchAutoConfiguration$$EnhancerBySpringCGLIB$$2f064d0f.elasticsearchClient(<generated>)
	at sun.reflect.NativeMethodAccessorImpl.invoke0(Native Method)
	at sun.reflect.NativeMethodAccessorImpl.invoke(NativeMethodAccessorImpl.java:57)
	at sun.reflect.DelegatingMethodAccessorImpl.invoke(DelegatingMethodAccessorImpl.java:43)
	at java.lang.reflect.Method.invoke(Method.java:606)
	at org.springframework.beans.factory.support.SimpleInstantiationStrategy.instantiate(SimpleInstantiationStrategy.java:162)
	at org.springframework.beans.factory.support.ConstructorResolver.instantiateUsingFactoryMethod(ConstructorResolver.java:588)
	at org.springframework.beans.factory.support.AbstractAutowireCapableBeanFactory.instantiateUsingFactoryMethod(AbstractAutowireCapableBeanFactory.java:1128)
	at org.springframework.beans.factory.support.AbstractAutowireCapableBeanFactory.createBeanInstance(AbstractAutowireCapableBeanFactory.java:1022)
	at org.springframework.beans.factory.support.AbstractAutowireCapableBeanFactory.doCreateBean(AbstractAutowireCapableBeanFactory.java:512)
	at org.springframework.beans.factory.support.AbstractAutowireCapableBeanFactory.createBean(AbstractAutowireCapableBeanFactory.java:482)
	at org.springframework.beans.factory.support.AbstractBeanFactory$1.getObject(AbstractBeanFactory.java:306)
	at org.springframework.beans.factory.support.DefaultSingletonBeanRegistry.getSingleton(DefaultSingletonBeanRegistry.java:230)
	at org.springframework.beans.factory.support.AbstractBeanFactory.doGetBean(AbstractBeanFactory.java:302)
	at org.springframework.beans.factory.support.AbstractBeanFactory.getBean(AbstractBeanFactory.java:197)
	at org.springframework.beans.factory.support.DefaultListableBeanFactory.preInstantiateSingletons(DefaultListableBeanFactory.java:754)
	at org.springframework.context.support.AbstractApplicationContext.finishBeanFactoryInitialization(AbstractApplicationContext.java:866)
	at org.springframework.context.support.AbstractApplicationContext.refresh(AbstractApplicationContext.java:542)
	at org.springframework.boot.SpringApplication.refresh(SpringApplication.java:761)
	at org.springframework.boot.SpringApplication.refreshContext(SpringApplication.java:371)
	at org.springframework.boot.SpringApplication.run(SpringApplication.java:315)
	at org.springframework.boot.test.context.SpringBootContextLoader.loadContext(SpringBootContextLoader.java:111)
	at org.springframework.test.context.cache.DefaultCacheAwareContextLoaderDelegate.loadContextInternal(DefaultCacheAwareContextLoaderDelegate.java:98)
	at org.springframework.test.context.cache.DefaultCacheAwareContextLoaderDelegate.loadContext(DefaultCacheAwareContextLoaderDelegate.java:116)
	at org.springframework.test.context.support.DefaultTestContext.getApplicationContext(DefaultTestContext.java:83)
	at org.springframework.test.context.web.ServletTestExecutionListener.setUpRequestContextIfNecessary(ServletTestExecutionListener.java:189)
	at org.springframework.test.context.web.ServletTestExecutionListener.prepareTestInstance(ServletTestExecutionListener.java:131)
	at org.springframework.test.context.TestContextManager.prepareTestInstance(TestContextManager.java:230)
	at org.springframework.test.context.junit4.SpringJUnit4ClassRunner.createTest(SpringJUnit4ClassRunner.java:228)
	at org.springframework.test.context.junit4.SpringJUnit4ClassRunner$1.runReflectiveCall(SpringJUnit4ClassRunner.java:287)
	at org.junit.internal.runners.model.ReflectiveCallable.run(ReflectiveCallable.java:12)
	at org.springframework.test.context.junit4.SpringJUnit4ClassRunner.methodBlock(SpringJUnit4ClassRunner.java:289)
	at org.springframework.test.context.junit4.SpringJUnit4ClassRunner.runChild(SpringJUnit4ClassRunner.java:247)
	at org.springframework.test.context.junit4.SpringJUnit4ClassRunner.runChild(SpringJUnit4ClassRunner.java:94)
	at org.junit.runners.ParentRunner$3.run(ParentRunner.java:290)
	at org.junit.runners.ParentRunner$1.schedule(ParentRunner.java:71)
	at org.junit.runners.ParentRunner.runChildren(ParentRunner.java:288)
	at org.junit.runners.ParentRunner.access$000(ParentRunner.java:58)
	at org.junit.runners.ParentRunner$2.evaluate(ParentRunner.java:268)
	at org.springframework.test.context.junit4.statements.RunBeforeTestClassCallbacks.evaluate(RunBeforeTestClassCallbacks.java:61)
	at org.springframework.test.context.junit4.statements.RunAfterTestClassCallbacks.evaluate(RunAfterTestClassCallbacks.java:70)
	at org.junit.runners.ParentRunner.run(ParentRunner.java:363)
	at org.springframework.test.context.junit4.SpringJUnit4ClassRunner.run(SpringJUnit4ClassRunner.java:191)
	at org.eclipse.jdt.internal.junit4.runner.JUnit4TestReference.run(JUnit4TestReference.java:86)
	at org.eclipse.jdt.internal.junit.runner.TestExecution.run(TestExecution.java:38)
	at org.eclipse.jdt.internal.junit.runner.RemoteTestRunner.runTests(RemoteTestRunner.java:459)
	at org.eclipse.jdt.internal.junit.runner.RemoteTestRunner.runTests(RemoteTestRunner.java:675)
	at org.eclipse.jdt.internal.junit.runner.RemoteTestRunner.run(RemoteTestRunner.java:382)
	at org.eclipse.jdt.internal.junit.runner.RemoteTestRunner.main(RemoteTestRunner.java:192)
2017-03-18 14:26:14,173 [main] [INFO] org.elasticsearch.node.Node.<init>[225]- [Annex] initialized
2017-03-18 14:26:14,174 [main] [INFO] org.elasticsearch.node.Node.start[251]- [Annex] starting ...
2017-03-18 14:26:14,179 [main] [INFO] org.elasticsearch.transport.TransportService.doStart[184]- [Annex] publish_address {local[1]}, bound_addresses {local[1]}
2017-03-18 14:26:14,184 [main] [INFO] org.elasticsearch.discovery.DiscoveryService.doStart[86]- [Annex] elasticsearch/D1NPPrijQHC0fvP1kXo0Ig
2017-03-18 14:26:14,195 [elasticsearch[Annex][clusterService#updateTask][T#1]] [INFO] org.elasticsearch.cluster.service.InternalClusterService.runTasksForExecutor[580]- [Annex] new_master {Annex}{D1NPPrijQHC0fvP1kXo0Ig}{local}{local[1]}{local=true}, reason: local-disco-initial_connect(master)
2017-03-18 14:26:14,202 [main] [INFO] org.elasticsearch.node.Node.start[300]- [Annex] started
2017-03-18 14:26:14,401 [elasticsearch[Annex][clusterService#updateTask][T#1]] [INFO] org.elasticsearch.gateway.GatewayService$GatewayRecoveryListener$1.clusterStateProcessed[268]- [Annex] recovered [0] indices into cluster_state
2017-03-18 14:26:15,299 [main] [INFO] org.springframework.web.servlet.handler.AbstractHandlerMethodMapping$MappingRegistry.register[543]- Mapped "{[/features || /features.json],methods=[GET],produces=[application/json]}" onto public java.lang.Object org.springframework.boot.actuate.endpoint.mvc.EndpointMvcAdapter.invoke()
2017-03-18 14:26:15,301 [main] [INFO] org.springframework.web.servlet.handler.AbstractHandlerMethodMapping$MappingRegistry.register[543]- Mapped "{[/heapdump || /heapdump.json],methods=[GET],produces=[application/octet-stream]}" onto public void org.springframework.boot.actuate.endpoint.mvc.HeapdumpMvcEndpoint.invoke(boolean,javax.servlet.http.HttpServletRequest,javax.servlet.http.HttpServletResponse) throws java.io.IOException,javax.servlet.ServletException
2017-03-18 14:26:15,302 [main] [INFO] org.springframework.web.servlet.handler.AbstractHandlerMethodMapping$MappingRegistry.register[543]- Mapped "{[/configprops || /configprops.json],methods=[GET],produces=[application/json]}" onto public java.lang.Object org.springframework.boot.actuate.endpoint.mvc.EndpointMvcAdapter.invoke()
2017-03-18 14:26:15,304 [main] [INFO] org.springframework.web.servlet.handler.AbstractHandlerMethodMapping$MappingRegistry.register[543]- Mapped "{[/metrics/{name:.*}],methods=[GET],produces=[application/json]}" onto public java.lang.Object org.springframework.boot.actuate.endpoint.mvc.MetricsMvcEndpoint.value(java.lang.String)
2017-03-18 14:26:15,304 [main] [INFO] org.springframework.web.servlet.handler.AbstractHandlerMethodMapping$MappingRegistry.register[543]- Mapped "{[/metrics || /metrics.json],methods=[GET],produces=[application/json]}" onto public java.lang.Object org.springframework.boot.actuate.endpoint.mvc.EndpointMvcAdapter.invoke()
2017-03-18 14:26:15,305 [main] [INFO] org.springframework.web.servlet.handler.AbstractHandlerMethodMapping$MappingRegistry.register[543]- Mapped "{[/actuator || /actuator.json],produces=[application/json]}" onto public org.springframework.hateoas.ResourceSupport org.springframework.boot.actuate.endpoint.mvc.HalJsonMvcEndpoint.links()
2017-03-18 14:26:15,306 [main] [INFO] org.springframework.web.servlet.handler.AbstractHandlerMethodMapping$MappingRegistry.register[543]- Mapped "{[/dump || /dump.json],methods=[GET],produces=[application/json]}" onto public java.lang.Object org.springframework.boot.actuate.endpoint.mvc.EndpointMvcAdapter.invoke()
2017-03-18 14:26:15,307 [main] [INFO] org.springframework.web.servlet.handler.AbstractHandlerMethodMapping$MappingRegistry.register[543]- Mapped "{[/resume || /resume.json],methods=[POST]}" onto public java.lang.Object org.springframework.cloud.endpoint.GenericPostableMvcEndpoint.invoke()
2017-03-18 14:26:15,307 [main] [INFO] org.springframework.web.servlet.handler.AbstractHandlerMethodMapping$MappingRegistry.register[543]- Mapped "{[/restart || /restart.json],methods=[POST]}" onto public java.lang.Object org.springframework.cloud.context.restart.RestartMvcEndpoint.invoke()
2017-03-18 14:26:15,310 [main] [INFO] org.springframework.web.servlet.handler.AbstractHandlerMethodMapping$MappingRegistry.register[543]- Mapped "{[/env/{name:.*}],methods=[GET],produces=[application/json]}" onto public java.lang.Object org.springframework.boot.actuate.endpoint.mvc.EnvironmentMvcEndpoint.value(java.lang.String)
2017-03-18 14:26:15,310 [main] [INFO] org.springframework.web.servlet.handler.AbstractHandlerMethodMapping$MappingRegistry.register[543]- Mapped "{[/env || /env.json],methods=[GET],produces=[application/json]}" onto public java.lang.Object org.springframework.boot.actuate.endpoint.mvc.EndpointMvcAdapter.invoke()
2017-03-18 14:26:15,314 [main] [INFO] org.springframework.web.servlet.handler.AbstractHandlerMethodMapping$MappingRegistry.register[543]- Mapped "{[/autoconfig || /autoconfig.json],methods=[GET],produces=[application/json]}" onto public java.lang.Object org.springframework.boot.actuate.endpoint.mvc.EndpointMvcAdapter.invoke()
2017-03-18 14:26:15,318 [main] [INFO] org.springframework.web.servlet.handler.AbstractHandlerMethodMapping$MappingRegistry.register[543]- Mapped "{[/mappings || /mappings.json],methods=[GET],produces=[application/json]}" onto public java.lang.Object org.springframework.boot.actuate.endpoint.mvc.EndpointMvcAdapter.invoke()
2017-03-18 14:26:15,319 [main] [INFO] org.springframework.web.servlet.handler.AbstractHandlerMethodMapping$MappingRegistry.register[543]- Mapped "{[/info || /info.json],methods=[GET],produces=[application/json]}" onto public java.lang.Object org.springframework.boot.actuate.endpoint.mvc.EndpointMvcAdapter.invoke()
2017-03-18 14:26:15,320 [main] [INFO] org.springframework.web.servlet.handler.AbstractHandlerMethodMapping$MappingRegistry.register[543]- Mapped "{[/beans || /beans.json],methods=[GET],produces=[application/json]}" onto public java.lang.Object org.springframework.boot.actuate.endpoint.mvc.EndpointMvcAdapter.invoke()
2017-03-18 14:26:15,321 [main] [INFO] org.springframework.web.servlet.handler.AbstractHandlerMethodMapping$MappingRegistry.register[543]- Mapped "{[/pause || /pause.json],methods=[POST]}" onto public java.lang.Object org.springframework.cloud.endpoint.GenericPostableMvcEndpoint.invoke()
2017-03-18 14:26:15,321 [main] [INFO] org.springframework.web.servlet.handler.AbstractHandlerMethodMapping$MappingRegistry.register[543]- Mapped "{[/env],methods=[POST]}" onto public java.lang.Object org.springframework.cloud.context.environment.EnvironmentManagerMvcEndpoint.value(java.util.Map<java.lang.String, java.lang.String>)
2017-03-18 14:26:15,322 [main] [INFO] org.springframework.web.servlet.handler.AbstractHandlerMethodMapping$MappingRegistry.register[543]- Mapped "{[/env/reset],methods=[POST]}" onto public java.util.Map<java.lang.String, java.lang.Object> org.springframework.cloud.context.environment.EnvironmentManagerMvcEndpoint.reset()
2017-03-18 14:26:15,324 [main] [INFO] org.springframework.web.servlet.handler.AbstractHandlerMethodMapping$MappingRegistry.register[543]- Mapped "{[/refresh || /refresh.json],methods=[POST]}" onto public java.lang.Object org.springframework.cloud.endpoint.GenericPostableMvcEndpoint.invoke()
2017-03-18 14:26:15,325 [main] [INFO] org.springframework.web.servlet.handler.AbstractHandlerMethodMapping$MappingRegistry.register[543]- Mapped "{[/health || /health.json],produces=[application/json]}" onto public java.lang.Object org.springframework.boot.actuate.endpoint.mvc.HealthMvcEndpoint.invoke(java.security.Principal)
2017-03-18 14:26:15,327 [main] [INFO] org.springframework.web.servlet.handler.AbstractHandlerMethodMapping$MappingRegistry.register[543]- Mapped "{[/archaius || /archaius.json],methods=[GET],produces=[application/json]}" onto public java.lang.Object org.springframework.boot.actuate.endpoint.mvc.EndpointMvcAdapter.invoke()
2017-03-18 14:26:15,329 [main] [INFO] org.springframework.web.servlet.handler.AbstractHandlerMethodMapping$MappingRegistry.register[543]- Mapped "{[/trace || /trace.json],methods=[GET],produces=[application/json]}" onto public java.lang.Object org.springframework.boot.actuate.endpoint.mvc.EndpointMvcAdapter.invoke()
2017-03-18 14:26:15,835 [main] [INFO] org.springframework.ui.freemarker.SpringTemplateLoader.<init>[61]- SpringTemplateLoader for FreeMarker: using resource loader [org.springframework.web.context.support.GenericWebApplicationContext@188af514: startup date [Sat Mar 18 14:26:01 CST 2017]; parent: org.springframework.context.annotation.AnnotationConfigApplicationContext@78ac8211] and template loader path [classpath:/templates/]
2017-03-18 14:26:15,836 [main] [INFO] org.springframework.web.servlet.view.freemarker.FreeMarkerConfigurer.postProcessTemplateLoaders[127]- ClassTemplateLoader for Spring macros added to FreeMarker configuration
2017-03-18 14:26:16,075 [main] [WARN] org.springframework.cloud.netflix.archaius.ArchaiusAutoConfiguration.configureArchaius[137]- No spring.application.name found, defaulting to 'application'
2017-03-18 14:26:16,083 [main] [WARN] com.netflix.config.sources.URLConfigurationSource.<init>[121]- No URLs will be polled as dynamic configuration sources.
2017-03-18 14:26:16,084 [main] [INFO] com.netflix.config.sources.URLConfigurationSource.<init>[122]- To enable URLs as dynamic configuration sources, define System property archaius.configurationSource.additionalUrls or make config.properties available on classpath.
2017-03-18 14:26:16,095 [main] [WARN] com.netflix.config.sources.URLConfigurationSource.<init>[121]- No URLs will be polled as dynamic configuration sources.
2017-03-18 14:26:16,096 [main] [INFO] com.netflix.config.sources.URLConfigurationSource.<init>[122]- To enable URLs as dynamic configuration sources, define System property archaius.configurationSource.additionalUrls or make config.properties available on classpath.
2017-03-18 14:26:16,748 [main] [INFO] org.springframework.boot.StartupInfoLogger.logStarted[57]- Started ESTest in 17.639 seconds (JVM running for 19.303)
2017-03-18 14:26:22,436 [main] [INFO] com.experian.comp.elasticsearch.core.DocumentScan.getClassSet[108]- Found class:com.experian.comp.test.Litigation
2017-03-18 14:26:22,437 [main] [INFO] com.experian.comp.elasticsearch.core.DocumentScan.getClassSet[108]- Found class:com.experian.comp.test.Party
2017-03-18 14:47:02,793 [main] [INFO] org.springframework.test.context.support.AbstractTestContextBootstrapper.buildDefaultMergedContextConfiguration[319]- Neither @ContextConfiguration nor @ContextHierarchy found for test class [com.experian.comp.test.ESTest], using SpringBootContextLoader
2017-03-18 14:47:02,810 [main] [INFO] org.springframework.test.context.support.AbstractContextLoader.generateDefaultLocations[264]- Could not detect default resource locations for test class [com.experian.comp.test.ESTest]: no resource found for suffixes {-context.xml, Context.groovy}.
2017-03-18 14:47:03,062 [main] [INFO] org.springframework.test.context.support.AbstractTestContextBootstrapper.getDefaultTestExecutionListenerClassNames[260]- Loaded default TestExecutionListener class names from location [META-INF/spring.factories]: [org.springframework.test.context.web.ServletTestExecutionListener, org.springframework.test.context.support.DirtiesContextBeforeModesTestExecutionListener, org.springframework.test.context.support.DependencyInjectionTestExecutionListener, org.springframework.test.context.support.DirtiesContextTestExecutionListener, org.springframework.test.context.transaction.TransactionalTestExecutionListener, org.springframework.test.context.jdbc.SqlScriptsTestExecutionListener, org.springframework.boot.test.mock.mockito.MockitoTestExecutionListener, org.springframework.boot.test.mock.mockito.ResetMocksTestExecutionListener, org.springframework.boot.test.autoconfigure.restdocs.RestDocsTestExecutionListener, org.springframework.boot.test.autoconfigure.web.client.MockRestServiceServerResetTestExecutionListener, org.springframework.boot.test.autoconfigure.web.servlet.MockMvcPrintOnlyOnFailureTestExecutionListener, org.springframework.boot.test.autoconfigure.web.servlet.WebDriverTestExecutionListener]
2017-03-18 14:47:03,123 [main] [INFO] org.springframework.test.context.support.AbstractTestContextBootstrapper.getTestExecutionListeners[187]- Using TestExecutionListeners: [org.springframework.test.context.web.ServletTestExecutionListener@278fea01, org.springframework.test.context.support.DirtiesContextBeforeModesTestExecutionListener@594bfbf1, org.springframework.boot.test.autoconfigure.SpringBootDependencyInjectionTestExecutionListener@b89b904, org.springframework.test.context.support.DirtiesContextTestExecutionListener@7ed1bb86, org.springframework.test.context.transaction.TransactionalTestExecutionListener@7b6e9b75, org.springframework.test.context.jdbc.SqlScriptsTestExecutionListener@1aa05da2, org.springframework.boot.test.autoconfigure.web.servlet.WebDriverTestExecutionListener@16634456, org.springframework.boot.test.mock.mockito.ResetMocksTestExecutionListener@4f1b7595, org.springframework.boot.test.autoconfigure.restdocs.RestDocsTestExecutionListener@13c4b1c6, org.springframework.boot.test.mock.mockito.MockitoTestExecutionListener@5673484d, org.springframework.boot.test.autoconfigure.web.servlet.MockMvcPrintOnlyOnFailureTestExecutionListener@2a8fe392, org.springframework.boot.test.autoconfigure.web.client.MockRestServiceServerResetTestExecutionListener@4ca59c12]
2017-03-18 14:47:04,655 [main] [INFO] org.springframework.context.support.AbstractApplicationContext.prepareRefresh[582]- Refreshing org.springframework.context.annotation.AnnotationConfigApplicationContext@5c76d06a: startup date [Sat Mar 18 14:47:04 CST 2017]; root of context hierarchy
2017-03-18 14:47:05,213 [main] [INFO] org.springframework.beans.factory.annotation.AutowiredAnnotationBeanPostProcessor.<init>[155]- JSR-330 'javax.inject.Inject' annotation found and supported for autowiring
2017-03-18 14:47:05,316 [main] [INFO] org.springframework.context.support.PostProcessorRegistrationDelegate$BeanPostProcessorChecker.postProcessAfterInitialization[325]- Bean 'configurationPropertiesRebinderAutoConfiguration' of type [class org.springframework.cloud.autoconfigure.ConfigurationPropertiesRebinderAutoConfiguration$$EnhancerBySpringCGLIB$$1ac6f7e5] is not eligible for getting processed by all BeanPostProcessors (for example: not eligible for auto-proxying)
2017-03-18 14:47:05,335 [background-preinit] [INFO] org.hibernate.validator.internal.util.Version.<clinit>[30]- HV000001: Hibernate Validator 5.2.4.Final
2017-03-18 14:47:06,033 [main] [INFO] org.springframework.boot.SpringApplication.logStartupProfileInfo[665]- The following profiles are active: dev
2017-03-18 14:47:06,041 [main] [INFO] org.springframework.context.support.AbstractApplicationContext.prepareRefresh[582]- Refreshing org.springframework.web.context.support.GenericWebApplicationContext@18501a07: startup date [Sat Mar 18 14:47:06 CST 2017]; parent: org.springframework.context.annotation.AnnotationConfigApplicationContext@5c76d06a
2017-03-18 14:47:08,910 [main] [INFO] org.springframework.beans.factory.support.DefaultListableBeanFactory.registerBeanDefinition[821]- Overriding bean definition for bean 'managementServletContext' with a different definition: replacing [Root bean: class [null]; scope=; abstract=false; lazyInit=false; autowireMode=3; dependencyCheck=0; autowireCandidate=true; primary=false; factoryBeanName=org.springframework.boot.actuate.autoconfigure.EndpointWebMvcHypermediaManagementContextConfiguration; factoryMethodName=managementServletContext; initMethodName=null; destroyMethodName=(inferred); defined in class path resource [org/springframework/boot/actuate/autoconfigure/EndpointWebMvcHypermediaManagementContextConfiguration.class]] with [Root bean: class [null]; scope=; abstract=false; lazyInit=false; autowireMode=3; dependencyCheck=0; autowireCandidate=true; primary=false; factoryBeanName=org.springframework.boot.actuate.autoconfigure.EndpointWebMvcAutoConfiguration; factoryMethodName=managementServletContext; initMethodName=null; destroyMethodName=(inferred); defined in class path resource [org/springframework/boot/actuate/autoconfigure/EndpointWebMvcAutoConfiguration.class]]
2017-03-18 14:47:09,183 [main] [WARN] org.springframework.context.annotation.ConfigurationClassPostProcessor.enhanceConfigurationClasses[389]- Cannot enhance @Configuration bean definition 'refreshScope' since its singleton instance has been created too early. The typical cause is a non-static @Bean method with a BeanDefinitionRegistryPostProcessor return type: Consider declaring such methods as 'static'.
2017-03-18 14:47:09,770 [main] [INFO] org.springframework.cloud.context.scope.GenericScope.setSerializationId[263]- BeanFactory id=7ecdbad8-c4af-3d0f-a5b0-cb46a9aca50c
2017-03-18 14:47:10,093 [main] [INFO] org.springframework.beans.factory.annotation.AutowiredAnnotationBeanPostProcessor.<init>[155]- JSR-330 'javax.inject.Inject' annotation found and supported for autowiring
2017-03-18 14:47:10,376 [main] [INFO] org.springframework.context.support.PostProcessorRegistrationDelegate$BeanPostProcessorChecker.postProcessAfterInitialization[325]- Bean 'org.springframework.transaction.annotation.ProxyTransactionManagementConfiguration' of type [class org.springframework.transaction.annotation.ProxyTransactionManagementConfiguration$$EnhancerBySpringCGLIB$$feacf4e8] is not eligible for getting processed by all BeanPostProcessors (for example: not eligible for auto-proxying)
2017-03-18 14:47:10,705 [main] [INFO] org.springframework.context.support.PostProcessorRegistrationDelegate$BeanPostProcessorChecker.postProcessAfterInitialization[325]- Bean 'org.springframework.cloud.netflix.metrics.MetricsInterceptorConfiguration$MetricsRestTemplateConfiguration' of type [class org.springframework.cloud.netflix.metrics.MetricsInterceptorConfiguration$MetricsRestTemplateConfiguration$$EnhancerBySpringCGLIB$$30d99b29] is not eligible for getting processed by all BeanPostProcessors (for example: not eligible for auto-proxying)
2017-03-18 14:47:10,767 [main] [INFO] org.springframework.context.support.PostProcessorRegistrationDelegate$BeanPostProcessorChecker.postProcessAfterInitialization[325]- Bean 'org.springframework.cloud.autoconfigure.ConfigurationPropertiesRebinderAutoConfiguration' of type [class org.springframework.cloud.autoconfigure.ConfigurationPropertiesRebinderAutoConfiguration$$EnhancerBySpringCGLIB$$1ac6f7e5] is not eligible for getting processed by all BeanPostProcessors (for example: not eligible for auto-proxying)
2017-03-18 14:47:15,379 [main] [INFO] org.springframework.web.servlet.mvc.method.annotation.RequestMappingHandlerAdapter.initControllerAdviceCache[534]- Looking for @ControllerAdvice: org.springframework.web.context.support.GenericWebApplicationContext@18501a07: startup date [Sat Mar 18 14:47:06 CST 2017]; parent: org.springframework.context.annotation.AnnotationConfigApplicationContext@5c76d06a
2017-03-18 14:47:15,401 [main] [INFO] org.springframework.web.servlet.mvc.method.annotation.RequestMappingHandlerAdapter.initControllerAdviceCache[566]- Detected ResponseBodyAdvice bean in org.springframework.boot.actuate.autoconfigure.EndpointWebMvcHypermediaManagementContextConfiguration$ActuatorEndpointLinksAdvice
2017-03-18 14:47:15,915 [main] [INFO] org.springframework.web.servlet.handler.AbstractHandlerMethodMapping$MappingRegistry.register[543]- Mapped "{[/error]}" onto public org.springframework.http.ResponseEntity<java.util.Map<java.lang.String, java.lang.Object>> org.springframework.boot.autoconfigure.web.BasicErrorController.error(javax.servlet.http.HttpServletRequest)
2017-03-18 14:47:15,917 [main] [INFO] org.springframework.web.servlet.handler.AbstractHandlerMethodMapping$MappingRegistry.register[543]- Mapped "{[/error],produces=[text/html]}" onto public org.springframework.web.servlet.ModelAndView org.springframework.boot.autoconfigure.web.BasicErrorController.errorHtml(javax.servlet.http.HttpServletRequest,javax.servlet.http.HttpServletResponse)
2017-03-18 14:47:16,171 [main] [INFO] org.springframework.web.servlet.handler.AbstractUrlHandlerMapping.registerHandler[354]- Mapped URL path [/webjars/**] onto handler of type [class org.springframework.web.servlet.resource.ResourceHttpRequestHandler]
2017-03-18 14:47:16,172 [main] [INFO] org.springframework.web.servlet.handler.AbstractUrlHandlerMapping.registerHandler[354]- Mapped URL path [/**] onto handler of type [class org.springframework.web.servlet.resource.ResourceHttpRequestHandler]
2017-03-18 14:47:16,238 [main] [INFO] org.springframework.web.servlet.mvc.method.annotation.ExceptionHandlerExceptionResolver.initExceptionHandlerAdviceCache[277]- Detected ResponseBodyAdvice implementation in org.springframework.boot.actuate.autoconfigure.EndpointWebMvcHypermediaManagementContextConfiguration$ActuatorEndpointLinksAdvice
2017-03-18 14:47:16,338 [main] [INFO] org.springframework.web.servlet.handler.AbstractUrlHandlerMapping.registerHandler[354]- Mapped URL path [/**/favicon.ico] onto handler of type [class org.springframework.web.servlet.resource.ResourceHttpRequestHandler]
2017-03-18 14:47:18,815 [main] [INFO] org.springframework.web.servlet.handler.AbstractHandlerMethodMapping$MappingRegistry.register[543]- Mapped "{[/pause || /pause.json],methods=[POST]}" onto public java.lang.Object org.springframework.cloud.endpoint.GenericPostableMvcEndpoint.invoke()
2017-03-18 14:47:18,819 [main] [INFO] org.springframework.web.servlet.handler.AbstractHandlerMethodMapping$MappingRegistry.register[543]- Mapped "{[/metrics/{name:.*}],methods=[GET],produces=[application/json]}" onto public java.lang.Object org.springframework.boot.actuate.endpoint.mvc.MetricsMvcEndpoint.value(java.lang.String)
2017-03-18 14:47:18,820 [main] [INFO] org.springframework.web.servlet.handler.AbstractHandlerMethodMapping$MappingRegistry.register[543]- Mapped "{[/metrics || /metrics.json],methods=[GET],produces=[application/json]}" onto public java.lang.Object org.springframework.boot.actuate.endpoint.mvc.EndpointMvcAdapter.invoke()
2017-03-18 14:47:18,822 [main] [INFO] org.springframework.web.servlet.handler.AbstractHandlerMethodMapping$MappingRegistry.register[543]- Mapped "{[/features || /features.json],methods=[GET],produces=[application/json]}" onto public java.lang.Object org.springframework.boot.actuate.endpoint.mvc.EndpointMvcAdapter.invoke()
2017-03-18 14:47:18,824 [main] [INFO] org.springframework.web.servlet.handler.AbstractHandlerMethodMapping$MappingRegistry.register[543]- Mapped "{[/configprops || /configprops.json],methods=[GET],produces=[application/json]}" onto public java.lang.Object org.springframework.boot.actuate.endpoint.mvc.EndpointMvcAdapter.invoke()
2017-03-18 14:47:18,825 [main] [INFO] org.springframework.web.servlet.handler.AbstractHandlerMethodMapping$MappingRegistry.register[543]- Mapped "{[/env],methods=[POST]}" onto public java.lang.Object org.springframework.cloud.context.environment.EnvironmentManagerMvcEndpoint.value(java.util.Map<java.lang.String, java.lang.String>)
2017-03-18 14:47:18,827 [main] [INFO] org.springframework.web.servlet.handler.AbstractHandlerMethodMapping$MappingRegistry.register[543]- Mapped "{[/env/reset],methods=[POST]}" onto public java.util.Map<java.lang.String, java.lang.Object> org.springframework.cloud.context.environment.EnvironmentManagerMvcEndpoint.reset()
2017-03-18 14:47:18,829 [main] [INFO] org.springframework.web.servlet.handler.AbstractHandlerMethodMapping$MappingRegistry.register[543]- Mapped "{[/restart || /restart.json],methods=[POST]}" onto public java.lang.Object org.springframework.cloud.context.restart.RestartMvcEndpoint.invoke()
2017-03-18 14:47:18,830 [main] [INFO] org.springframework.web.servlet.handler.AbstractHandlerMethodMapping$MappingRegistry.register[543]- Mapped "{[/heapdump || /heapdump.json],methods=[GET],produces=[application/octet-stream]}" onto public void org.springframework.boot.actuate.endpoint.mvc.HeapdumpMvcEndpoint.invoke(boolean,javax.servlet.http.HttpServletRequest,javax.servlet.http.HttpServletResponse) throws java.io.IOException,javax.servlet.ServletException
2017-03-18 14:47:18,832 [main] [INFO] org.springframework.web.servlet.handler.AbstractHandlerMethodMapping$MappingRegistry.register[543]- Mapped "{[/refresh || /refresh.json],methods=[POST]}" onto public java.lang.Object org.springframework.cloud.endpoint.GenericPostableMvcEndpoint.invoke()
2017-03-18 14:47:18,835 [main] [INFO] org.springframework.web.servlet.handler.AbstractHandlerMethodMapping$MappingRegistry.register[543]- Mapped "{[/resume || /resume.json],methods=[POST]}" onto public java.lang.Object org.springframework.cloud.endpoint.GenericPostableMvcEndpoint.invoke()
2017-03-18 14:47:18,837 [main] [INFO] org.springframework.web.servlet.handler.AbstractHandlerMethodMapping$MappingRegistry.register[543]- Mapped "{[/mappings || /mappings.json],methods=[GET],produces=[application/json]}" onto public java.lang.Object org.springframework.boot.actuate.endpoint.mvc.EndpointMvcAdapter.invoke()
2017-03-18 14:47:18,839 [main] [INFO] org.springframework.web.servlet.handler.AbstractHandlerMethodMapping$MappingRegistry.register[543]- Mapped "{[/health || /health.json],produces=[application/json]}" onto public java.lang.Object org.springframework.boot.actuate.endpoint.mvc.HealthMvcEndpoint.invoke(java.security.Principal)
2017-03-18 14:47:18,841 [main] [INFO] org.springframework.web.servlet.handler.AbstractHandlerMethodMapping$MappingRegistry.register[543]- Mapped "{[/dump || /dump.json],methods=[GET],produces=[application/json]}" onto public java.lang.Object org.springframework.boot.actuate.endpoint.mvc.EndpointMvcAdapter.invoke()
2017-03-18 14:47:18,842 [main] [INFO] org.springframework.web.servlet.handler.AbstractHandlerMethodMapping$MappingRegistry.register[543]- Mapped "{[/autoconfig || /autoconfig.json],methods=[GET],produces=[application/json]}" onto public java.lang.Object org.springframework.boot.actuate.endpoint.mvc.EndpointMvcAdapter.invoke()
2017-03-18 14:47:18,846 [main] [INFO] org.springframework.web.servlet.handler.AbstractHandlerMethodMapping$MappingRegistry.register[543]- Mapped "{[/info || /info.json],methods=[GET],produces=[application/json]}" onto public java.lang.Object org.springframework.boot.actuate.endpoint.mvc.EndpointMvcAdapter.invoke()
2017-03-18 14:47:18,854 [main] [INFO] org.springframework.web.servlet.handler.AbstractHandlerMethodMapping$MappingRegistry.register[543]- Mapped "{[/archaius || /archaius.json],methods=[GET],produces=[application/json]}" onto public java.lang.Object org.springframework.boot.actuate.endpoint.mvc.EndpointMvcAdapter.invoke()
2017-03-18 14:47:18,856 [main] [INFO] org.springframework.web.servlet.handler.AbstractHandlerMethodMapping$MappingRegistry.register[543]- Mapped "{[/actuator || /actuator.json],produces=[application/json]}" onto public org.springframework.hateoas.ResourceSupport org.springframework.boot.actuate.endpoint.mvc.HalJsonMvcEndpoint.links()
2017-03-18 14:47:18,859 [main] [INFO] org.springframework.web.servlet.handler.AbstractHandlerMethodMapping$MappingRegistry.register[543]- Mapped "{[/env/{name:.*}],methods=[GET],produces=[application/json]}" onto public java.lang.Object org.springframework.boot.actuate.endpoint.mvc.EnvironmentMvcEndpoint.value(java.lang.String)
2017-03-18 14:47:18,859 [main] [INFO] org.springframework.web.servlet.handler.AbstractHandlerMethodMapping$MappingRegistry.register[543]- Mapped "{[/env || /env.json],methods=[GET],produces=[application/json]}" onto public java.lang.Object org.springframework.boot.actuate.endpoint.mvc.EndpointMvcAdapter.invoke()
2017-03-18 14:47:18,861 [main] [INFO] org.springframework.web.servlet.handler.AbstractHandlerMethodMapping$MappingRegistry.register[543]- Mapped "{[/trace || /trace.json],methods=[GET],produces=[application/json]}" onto public java.lang.Object org.springframework.boot.actuate.endpoint.mvc.EndpointMvcAdapter.invoke()
2017-03-18 14:47:18,863 [main] [INFO] org.springframework.web.servlet.handler.AbstractHandlerMethodMapping$MappingRegistry.register[543]- Mapped "{[/beans || /beans.json],methods=[GET],produces=[application/json]}" onto public java.lang.Object org.springframework.boot.actuate.endpoint.mvc.EndpointMvcAdapter.invoke()
2017-03-18 14:47:19,536 [main] [INFO] org.springframework.ui.freemarker.SpringTemplateLoader.<init>[61]- SpringTemplateLoader for FreeMarker: using resource loader [org.springframework.web.context.support.GenericWebApplicationContext@18501a07: startup date [Sat Mar 18 14:47:06 CST 2017]; parent: org.springframework.context.annotation.AnnotationConfigApplicationContext@5c76d06a] and template loader path [classpath:/templates/]
2017-03-18 14:47:19,539 [main] [INFO] org.springframework.web.servlet.view.freemarker.FreeMarkerConfigurer.postProcessTemplateLoaders[127]- ClassTemplateLoader for Spring macros added to FreeMarker configuration
2017-03-18 14:47:20,034 [main] [WARN] org.springframework.cloud.netflix.archaius.ArchaiusAutoConfiguration.configureArchaius[137]- No spring.application.name found, defaulting to 'application'
2017-03-18 14:47:20,049 [main] [WARN] com.netflix.config.sources.URLConfigurationSource.<init>[121]- No URLs will be polled as dynamic configuration sources.
2017-03-18 14:47:20,050 [main] [INFO] com.netflix.config.sources.URLConfigurationSource.<init>[122]- To enable URLs as dynamic configuration sources, define System property archaius.configurationSource.additionalUrls or make config.properties available on classpath.
2017-03-18 14:47:20,072 [main] [WARN] com.netflix.config.sources.URLConfigurationSource.<init>[121]- No URLs will be polled as dynamic configuration sources.
2017-03-18 14:47:20,072 [main] [INFO] com.netflix.config.sources.URLConfigurationSource.<init>[122]- To enable URLs as dynamic configuration sources, define System property archaius.configurationSource.additionalUrls or make config.properties available on classpath.
2017-03-18 14:47:21,207 [main] [INFO] org.springframework.boot.StartupInfoLogger.logStarted[57]- Started ESTest in 17.778 seconds (JVM running for 19.684)
2017-03-18 14:54:15,365 [main] [INFO] org.springframework.test.context.support.AbstractTestContextBootstrapper.buildDefaultMergedContextConfiguration[319]- Neither @ContextConfiguration nor @ContextHierarchy found for test class [com.experian.comp.test.ESTest], using SpringBootContextLoader
2017-03-18 14:54:15,372 [main] [INFO] org.springframework.test.context.support.AbstractContextLoader.generateDefaultLocations[264]- Could not detect default resource locations for test class [com.experian.comp.test.ESTest]: no resource found for suffixes {-context.xml, Context.groovy}.
2017-03-18 14:54:15,509 [main] [INFO] org.springframework.test.context.support.AbstractTestContextBootstrapper.getDefaultTestExecutionListenerClassNames[260]- Loaded default TestExecutionListener class names from location [META-INF/spring.factories]: [org.springframework.test.context.web.ServletTestExecutionListener, org.springframework.test.context.support.DirtiesContextBeforeModesTestExecutionListener, org.springframework.test.context.support.DependencyInjectionTestExecutionListener, org.springframework.test.context.support.DirtiesContextTestExecutionListener, org.springframework.test.context.transaction.TransactionalTestExecutionListener, org.springframework.test.context.jdbc.SqlScriptsTestExecutionListener, org.springframework.boot.test.mock.mockito.MockitoTestExecutionListener, org.springframework.boot.test.mock.mockito.ResetMocksTestExecutionListener, org.springframework.boot.test.autoconfigure.restdocs.RestDocsTestExecutionListener, org.springframework.boot.test.autoconfigure.web.client.MockRestServiceServerResetTestExecutionListener, org.springframework.boot.test.autoconfigure.web.servlet.MockMvcPrintOnlyOnFailureTestExecutionListener, org.springframework.boot.test.autoconfigure.web.servlet.WebDriverTestExecutionListener]
2017-03-18 14:54:15,553 [main] [INFO] org.springframework.test.context.support.AbstractTestContextBootstrapper.getTestExecutionListeners[187]- Using TestExecutionListeners: [org.springframework.test.context.web.ServletTestExecutionListener@278fea01, org.springframework.test.context.support.DirtiesContextBeforeModesTestExecutionListener@594bfbf1, org.springframework.boot.test.autoconfigure.SpringBootDependencyInjectionTestExecutionListener@b89b904, org.springframework.test.context.support.DirtiesContextTestExecutionListener@7ed1bb86, org.springframework.test.context.transaction.TransactionalTestExecutionListener@7b6e9b75, org.springframework.test.context.jdbc.SqlScriptsTestExecutionListener@1aa05da2, org.springframework.boot.test.mock.mockito.ResetMocksTestExecutionListener@16634456, org.springframework.boot.test.autoconfigure.restdocs.RestDocsTestExecutionListener@4f1b7595, org.springframework.boot.test.mock.mockito.MockitoTestExecutionListener@13c4b1c6, org.springframework.boot.test.autoconfigure.web.servlet.WebDriverTestExecutionListener@5673484d, org.springframework.boot.test.autoconfigure.web.servlet.MockMvcPrintOnlyOnFailureTestExecutionListener@2a8fe392, org.springframework.boot.test.autoconfigure.web.client.MockRestServiceServerResetTestExecutionListener@4ca59c12]
2017-03-18 14:54:16,752 [main] [INFO] org.springframework.context.support.AbstractApplicationContext.prepareRefresh[582]- Refreshing org.springframework.context.annotation.AnnotationConfigApplicationContext@1e6d7f85: startup date [Sat Mar 18 14:54:16 CST 2017]; root of context hierarchy
2017-03-18 14:54:17,217 [main] [INFO] org.springframework.beans.factory.annotation.AutowiredAnnotationBeanPostProcessor.<init>[155]- JSR-330 'javax.inject.Inject' annotation found and supported for autowiring
2017-03-18 14:54:17,224 [background-preinit] [INFO] org.hibernate.validator.internal.util.Version.<clinit>[30]- HV000001: Hibernate Validator 5.2.4.Final
2017-03-18 14:54:17,259 [main] [INFO] org.springframework.context.support.PostProcessorRegistrationDelegate$BeanPostProcessorChecker.postProcessAfterInitialization[325]- Bean 'configurationPropertiesRebinderAutoConfiguration' of type [class org.springframework.cloud.autoconfigure.ConfigurationPropertiesRebinderAutoConfiguration$$EnhancerBySpringCGLIB$$b12149fa] is not eligible for getting processed by all BeanPostProcessors (for example: not eligible for auto-proxying)
2017-03-18 14:54:17,822 [main] [INFO] org.springframework.boot.SpringApplication.logStartupProfileInfo[665]- The following profiles are active: dev
2017-03-18 14:54:17,830 [main] [INFO] org.springframework.context.support.AbstractApplicationContext.prepareRefresh[582]- Refreshing org.springframework.web.context.support.GenericWebApplicationContext@5e83450d: startup date [Sat Mar 18 14:54:17 CST 2017]; parent: org.springframework.context.annotation.AnnotationConfigApplicationContext@1e6d7f85
2017-03-18 14:54:19,765 [main] [INFO] org.springframework.beans.factory.support.DefaultListableBeanFactory.registerBeanDefinition[821]- Overriding bean definition for bean 'managementServletContext' with a different definition: replacing [Root bean: class [null]; scope=; abstract=false; lazyInit=false; autowireMode=3; dependencyCheck=0; autowireCandidate=true; primary=false; factoryBeanName=org.springframework.boot.actuate.autoconfigure.EndpointWebMvcHypermediaManagementContextConfiguration; factoryMethodName=managementServletContext; initMethodName=null; destroyMethodName=(inferred); defined in class path resource [org/springframework/boot/actuate/autoconfigure/EndpointWebMvcHypermediaManagementContextConfiguration.class]] with [Root bean: class [null]; scope=; abstract=false; lazyInit=false; autowireMode=3; dependencyCheck=0; autowireCandidate=true; primary=false; factoryBeanName=org.springframework.boot.actuate.autoconfigure.EndpointWebMvcAutoConfiguration; factoryMethodName=managementServletContext; initMethodName=null; destroyMethodName=(inferred); defined in class path resource [org/springframework/boot/actuate/autoconfigure/EndpointWebMvcAutoConfiguration.class]]
2017-03-18 14:54:19,928 [main] [WARN] org.springframework.context.annotation.ConfigurationClassPostProcessor.enhanceConfigurationClasses[389]- Cannot enhance @Configuration bean definition 'refreshScope' since its singleton instance has been created too early. The typical cause is a non-static @Bean method with a BeanDefinitionRegistryPostProcessor return type: Consider declaring such methods as 'static'.
2017-03-18 14:54:20,281 [main] [INFO] org.springframework.cloud.context.scope.GenericScope.setSerializationId[263]- BeanFactory id=7ecdbad8-c4af-3d0f-a5b0-cb46a9aca50c
2017-03-18 14:54:20,549 [main] [INFO] org.springframework.beans.factory.annotation.AutowiredAnnotationBeanPostProcessor.<init>[155]- JSR-330 'javax.inject.Inject' annotation found and supported for autowiring
2017-03-18 14:54:20,741 [main] [INFO] org.springframework.context.support.PostProcessorRegistrationDelegate$BeanPostProcessorChecker.postProcessAfterInitialization[325]- Bean 'org.springframework.transaction.annotation.ProxyTransactionManagementConfiguration' of type [class org.springframework.transaction.annotation.ProxyTransactionManagementConfiguration$$EnhancerBySpringCGLIB$$950746fd] is not eligible for getting processed by all BeanPostProcessors (for example: not eligible for auto-proxying)
2017-03-18 14:54:20,984 [main] [INFO] org.springframework.context.support.PostProcessorRegistrationDelegate$BeanPostProcessorChecker.postProcessAfterInitialization[325]- Bean 'org.springframework.cloud.netflix.metrics.MetricsInterceptorConfiguration$MetricsRestTemplateConfiguration' of type [class org.springframework.cloud.netflix.metrics.MetricsInterceptorConfiguration$MetricsRestTemplateConfiguration$$EnhancerBySpringCGLIB$$c733ed3e] is not eligible for getting processed by all BeanPostProcessors (for example: not eligible for auto-proxying)
2017-03-18 14:54:21,028 [main] [INFO] org.springframework.context.support.PostProcessorRegistrationDelegate$BeanPostProcessorChecker.postProcessAfterInitialization[325]- Bean 'org.springframework.cloud.autoconfigure.ConfigurationPropertiesRebinderAutoConfiguration' of type [class org.springframework.cloud.autoconfigure.ConfigurationPropertiesRebinderAutoConfiguration$$EnhancerBySpringCGLIB$$b12149fa] is not eligible for getting processed by all BeanPostProcessors (for example: not eligible for auto-proxying)
2017-03-18 14:54:23,838 [main] [INFO] org.springframework.web.servlet.mvc.method.annotation.RequestMappingHandlerAdapter.initControllerAdviceCache[534]- Looking for @ControllerAdvice: org.springframework.web.context.support.GenericWebApplicationContext@5e83450d: startup date [Sat Mar 18 14:54:17 CST 2017]; parent: org.springframework.context.annotation.AnnotationConfigApplicationContext@1e6d7f85
2017-03-18 14:54:23,853 [main] [INFO] org.springframework.web.servlet.mvc.method.annotation.RequestMappingHandlerAdapter.initControllerAdviceCache[566]- Detected ResponseBodyAdvice bean in org.springframework.boot.actuate.autoconfigure.EndpointWebMvcHypermediaManagementContextConfiguration$ActuatorEndpointLinksAdvice
2017-03-18 14:54:24,155 [main] [INFO] org.springframework.web.servlet.handler.AbstractHandlerMethodMapping$MappingRegistry.register[543]- Mapped "{[/error]}" onto public org.springframework.http.ResponseEntity<java.util.Map<java.lang.String, java.lang.Object>> org.springframework.boot.autoconfigure.web.BasicErrorController.error(javax.servlet.http.HttpServletRequest)
2017-03-18 14:54:24,157 [main] [INFO] org.springframework.web.servlet.handler.AbstractHandlerMethodMapping$MappingRegistry.register[543]- Mapped "{[/error],produces=[text/html]}" onto public org.springframework.web.servlet.ModelAndView org.springframework.boot.autoconfigure.web.BasicErrorController.errorHtml(javax.servlet.http.HttpServletRequest,javax.servlet.http.HttpServletResponse)
2017-03-18 14:54:24,334 [main] [INFO] org.springframework.web.servlet.handler.AbstractUrlHandlerMapping.registerHandler[354]- Mapped URL path [/webjars/**] onto handler of type [class org.springframework.web.servlet.resource.ResourceHttpRequestHandler]
2017-03-18 14:54:24,335 [main] [INFO] org.springframework.web.servlet.handler.AbstractUrlHandlerMapping.registerHandler[354]- Mapped URL path [/**] onto handler of type [class org.springframework.web.servlet.resource.ResourceHttpRequestHandler]
2017-03-18 14:54:24,389 [main] [INFO] org.springframework.web.servlet.mvc.method.annotation.ExceptionHandlerExceptionResolver.initExceptionHandlerAdviceCache[277]- Detected ResponseBodyAdvice implementation in org.springframework.boot.actuate.autoconfigure.EndpointWebMvcHypermediaManagementContextConfiguration$ActuatorEndpointLinksAdvice
2017-03-18 14:54:24,473 [main] [INFO] org.springframework.web.servlet.handler.AbstractUrlHandlerMapping.registerHandler[354]- Mapped URL path [/**/favicon.ico] onto handler of type [class org.springframework.web.servlet.resource.ResourceHttpRequestHandler]
2017-03-18 14:54:26,194 [main] [INFO] org.springframework.web.servlet.handler.AbstractHandlerMethodMapping$MappingRegistry.register[543]- Mapped "{[/pause || /pause.json],methods=[POST]}" onto public java.lang.Object org.springframework.cloud.endpoint.GenericPostableMvcEndpoint.invoke()
2017-03-18 14:54:26,195 [main] [INFO] org.springframework.web.servlet.handler.AbstractHandlerMethodMapping$MappingRegistry.register[543]- Mapped "{[/refresh || /refresh.json],methods=[POST]}" onto public java.lang.Object org.springframework.cloud.endpoint.GenericPostableMvcEndpoint.invoke()
2017-03-18 14:54:26,198 [main] [INFO] org.springframework.web.servlet.handler.AbstractHandlerMethodMapping$MappingRegistry.register[543]- Mapped "{[/configprops || /configprops.json],methods=[GET],produces=[application/json]}" onto public java.lang.Object org.springframework.boot.actuate.endpoint.mvc.EndpointMvcAdapter.invoke()
2017-03-18 14:54:26,199 [main] [INFO] org.springframework.web.servlet.handler.AbstractHandlerMethodMapping$MappingRegistry.register[543]- Mapped "{[/dump || /dump.json],methods=[GET],produces=[application/json]}" onto public java.lang.Object org.springframework.boot.actuate.endpoint.mvc.EndpointMvcAdapter.invoke()
2017-03-18 14:54:26,200 [main] [INFO] org.springframework.web.servlet.handler.AbstractHandlerMethodMapping$MappingRegistry.register[543]- Mapped "{[/autoconfig || /autoconfig.json],methods=[GET],produces=[application/json]}" onto public java.lang.Object org.springframework.boot.actuate.endpoint.mvc.EndpointMvcAdapter.invoke()
2017-03-18 14:54:26,201 [main] [INFO] org.springframework.web.servlet.handler.AbstractHandlerMethodMapping$MappingRegistry.register[543]- Mapped "{[/resume || /resume.json],methods=[POST]}" onto public java.lang.Object org.springframework.cloud.endpoint.GenericPostableMvcEndpoint.invoke()
2017-03-18 14:54:26,203 [main] [INFO] org.springframework.web.servlet.handler.AbstractHandlerMethodMapping$MappingRegistry.register[543]- Mapped "{[/metrics/{name:.*}],methods=[GET],produces=[application/json]}" onto public java.lang.Object org.springframework.boot.actuate.endpoint.mvc.MetricsMvcEndpoint.value(java.lang.String)
2017-03-18 14:54:26,203 [main] [INFO] org.springframework.web.servlet.handler.AbstractHandlerMethodMapping$MappingRegistry.register[543]- Mapped "{[/metrics || /metrics.json],methods=[GET],produces=[application/json]}" onto public java.lang.Object org.springframework.boot.actuate.endpoint.mvc.EndpointMvcAdapter.invoke()
2017-03-18 14:54:26,204 [main] [INFO] org.springframework.web.servlet.handler.AbstractHandlerMethodMapping$MappingRegistry.register[543]- Mapped "{[/archaius || /archaius.json],methods=[GET],produces=[application/json]}" onto public java.lang.Object org.springframework.boot.actuate.endpoint.mvc.EndpointMvcAdapter.invoke()
2017-03-18 14:54:26,206 [main] [INFO] org.springframework.web.servlet.handler.AbstractHandlerMethodMapping$MappingRegistry.register[543]- Mapped "{[/trace || /trace.json],methods=[GET],produces=[application/json]}" onto public java.lang.Object org.springframework.boot.actuate.endpoint.mvc.EndpointMvcAdapter.invoke()
2017-03-18 14:54:26,207 [main] [INFO] org.springframework.web.servlet.handler.AbstractHandlerMethodMapping$MappingRegistry.register[543]- Mapped "{[/heapdump || /heapdump.json],methods=[GET],produces=[application/octet-stream]}" onto public void org.springframework.boot.actuate.endpoint.mvc.HeapdumpMvcEndpoint.invoke(boolean,javax.servlet.http.HttpServletRequest,javax.servlet.http.HttpServletResponse) throws java.io.IOException,javax.servlet.ServletException
2017-03-18 14:54:26,210 [main] [INFO] org.springframework.web.servlet.handler.AbstractHandlerMethodMapping$MappingRegistry.register[543]- Mapped "{[/features || /features.json],methods=[GET],produces=[application/json]}" onto public java.lang.Object org.springframework.boot.actuate.endpoint.mvc.EndpointMvcAdapter.invoke()
2017-03-18 14:54:26,211 [main] [INFO] org.springframework.web.servlet.handler.AbstractHandlerMethodMapping$MappingRegistry.register[543]- Mapped "{[/restart || /restart.json],methods=[POST]}" onto public java.lang.Object org.springframework.cloud.context.restart.RestartMvcEndpoint.invoke()
2017-03-18 14:54:26,214 [main] [INFO] org.springframework.web.servlet.handler.AbstractHandlerMethodMapping$MappingRegistry.register[543]- Mapped "{[/actuator || /actuator.json],produces=[application/json]}" onto public org.springframework.hateoas.ResourceSupport org.springframework.boot.actuate.endpoint.mvc.HalJsonMvcEndpoint.links()
2017-03-18 14:54:26,219 [main] [INFO] org.springframework.web.servlet.handler.AbstractHandlerMethodMapping$MappingRegistry.register[543]- Mapped "{[/beans || /beans.json],methods=[GET],produces=[application/json]}" onto public java.lang.Object org.springframework.boot.actuate.endpoint.mvc.EndpointMvcAdapter.invoke()
2017-03-18 14:54:26,220 [main] [INFO] org.springframework.web.servlet.handler.AbstractHandlerMethodMapping$MappingRegistry.register[543]- Mapped "{[/info || /info.json],methods=[GET],produces=[application/json]}" onto public java.lang.Object org.springframework.boot.actuate.endpoint.mvc.EndpointMvcAdapter.invoke()
2017-03-18 14:54:26,221 [main] [INFO] org.springframework.web.servlet.handler.AbstractHandlerMethodMapping$MappingRegistry.register[543]- Mapped "{[/health || /health.json],produces=[application/json]}" onto public java.lang.Object org.springframework.boot.actuate.endpoint.mvc.HealthMvcEndpoint.invoke(java.security.Principal)
2017-03-18 14:54:26,222 [main] [INFO] org.springframework.web.servlet.handler.AbstractHandlerMethodMapping$MappingRegistry.register[543]- Mapped "{[/mappings || /mappings.json],methods=[GET],produces=[application/json]}" onto public java.lang.Object org.springframework.boot.actuate.endpoint.mvc.EndpointMvcAdapter.invoke()
2017-03-18 14:54:26,223 [main] [INFO] org.springframework.web.servlet.handler.AbstractHandlerMethodMapping$MappingRegistry.register[543]- Mapped "{[/env],methods=[POST]}" onto public java.lang.Object org.springframework.cloud.context.environment.EnvironmentManagerMvcEndpoint.value(java.util.Map<java.lang.String, java.lang.String>)
2017-03-18 14:54:26,224 [main] [INFO] org.springframework.web.servlet.handler.AbstractHandlerMethodMapping$MappingRegistry.register[543]- Mapped "{[/env/reset],methods=[POST]}" onto public java.util.Map<java.lang.String, java.lang.Object> org.springframework.cloud.context.environment.EnvironmentManagerMvcEndpoint.reset()
2017-03-18 14:54:26,225 [main] [INFO] org.springframework.web.servlet.handler.AbstractHandlerMethodMapping$MappingRegistry.register[543]- Mapped "{[/env/{name:.*}],methods=[GET],produces=[application/json]}" onto public java.lang.Object org.springframework.boot.actuate.endpoint.mvc.EnvironmentMvcEndpoint.value(java.lang.String)
2017-03-18 14:54:26,226 [main] [INFO] org.springframework.web.servlet.handler.AbstractHandlerMethodMapping$MappingRegistry.register[543]- Mapped "{[/env || /env.json],methods=[GET],produces=[application/json]}" onto public java.lang.Object org.springframework.boot.actuate.endpoint.mvc.EndpointMvcAdapter.invoke()
2017-03-18 14:54:26,669 [main] [INFO] org.springframework.ui.freemarker.SpringTemplateLoader.<init>[61]- SpringTemplateLoader for FreeMarker: using resource loader [org.springframework.web.context.support.GenericWebApplicationContext@5e83450d: startup date [Sat Mar 18 14:54:17 CST 2017]; parent: org.springframework.context.annotation.AnnotationConfigApplicationContext@1e6d7f85] and template loader path [classpath:/templates/]
2017-03-18 14:54:26,671 [main] [INFO] org.springframework.web.servlet.view.freemarker.FreeMarkerConfigurer.postProcessTemplateLoaders[127]- ClassTemplateLoader for Spring macros added to FreeMarker configuration
2017-03-18 14:54:26,999 [main] [WARN] org.springframework.cloud.netflix.archaius.ArchaiusAutoConfiguration.configureArchaius[137]- No spring.application.name found, defaulting to 'application'
2017-03-18 14:54:27,008 [main] [WARN] com.netflix.config.sources.URLConfigurationSource.<init>[121]- No URLs will be polled as dynamic configuration sources.
2017-03-18 14:54:27,009 [main] [INFO] com.netflix.config.sources.URLConfigurationSource.<init>[122]- To enable URLs as dynamic configuration sources, define System property archaius.configurationSource.additionalUrls or make config.properties available on classpath.
2017-03-18 14:54:27,021 [main] [WARN] com.netflix.config.sources.URLConfigurationSource.<init>[121]- No URLs will be polled as dynamic configuration sources.
2017-03-18 14:54:27,022 [main] [INFO] com.netflix.config.sources.URLConfigurationSource.<init>[122]- To enable URLs as dynamic configuration sources, define System property archaius.configurationSource.additionalUrls or make config.properties available on classpath.
2017-03-18 14:54:27,726 [main] [INFO] org.springframework.boot.StartupInfoLogger.logStarted[57]- Started ESTest in 11.984 seconds (JVM running for 13.023)
2017-03-18 14:55:14,576 [main] [INFO] org.springframework.test.context.support.AbstractTestContextBootstrapper.buildDefaultMergedContextConfiguration[319]- Neither @ContextConfiguration nor @ContextHierarchy found for test class [com.experian.comp.test.ESTest], using SpringBootContextLoader
2017-03-18 14:55:14,584 [main] [INFO] org.springframework.test.context.support.AbstractContextLoader.generateDefaultLocations[264]- Could not detect default resource locations for test class [com.experian.comp.test.ESTest]: no resource found for suffixes {-context.xml, Context.groovy}.
2017-03-18 14:55:14,748 [main] [INFO] org.springframework.test.context.support.AbstractTestContextBootstrapper.getDefaultTestExecutionListenerClassNames[260]- Loaded default TestExecutionListener class names from location [META-INF/spring.factories]: [org.springframework.test.context.web.ServletTestExecutionListener, org.springframework.test.context.support.DirtiesContextBeforeModesTestExecutionListener, org.springframework.test.context.support.DependencyInjectionTestExecutionListener, org.springframework.test.context.support.DirtiesContextTestExecutionListener, org.springframework.test.context.transaction.TransactionalTestExecutionListener, org.springframework.test.context.jdbc.SqlScriptsTestExecutionListener, org.springframework.boot.test.mock.mockito.MockitoTestExecutionListener, org.springframework.boot.test.mock.mockito.ResetMocksTestExecutionListener, org.springframework.boot.test.autoconfigure.restdocs.RestDocsTestExecutionListener, org.springframework.boot.test.autoconfigure.web.client.MockRestServiceServerResetTestExecutionListener, org.springframework.boot.test.autoconfigure.web.servlet.MockMvcPrintOnlyOnFailureTestExecutionListener, org.springframework.boot.test.autoconfigure.web.servlet.WebDriverTestExecutionListener]
2017-03-18 14:55:14,819 [main] [INFO] org.springframework.test.context.support.AbstractTestContextBootstrapper.getTestExecutionListeners[187]- Using TestExecutionListeners: [org.springframework.test.context.web.ServletTestExecutionListener@4a841d0f, org.springframework.test.context.support.DirtiesContextBeforeModesTestExecutionListener@278fea01, org.springframework.boot.test.autoconfigure.SpringBootDependencyInjectionTestExecutionListener@594bfbf1, org.springframework.test.context.support.DirtiesContextTestExecutionListener@b89b904, org.springframework.test.context.transaction.TransactionalTestExecutionListener@7ed1bb86, org.springframework.test.context.jdbc.SqlScriptsTestExecutionListener@7b6e9b75, org.springframework.boot.test.autoconfigure.web.servlet.WebDriverTestExecutionListener@1aa05da2, org.springframework.boot.test.autoconfigure.web.servlet.MockMvcPrintOnlyOnFailureTestExecutionListener@16634456, org.springframework.boot.test.mock.mockito.MockitoTestExecutionListener@4f1b7595, org.springframework.boot.test.autoconfigure.restdocs.RestDocsTestExecutionListener@13c4b1c6, org.springframework.boot.test.autoconfigure.web.client.MockRestServiceServerResetTestExecutionListener@5673484d, org.springframework.boot.test.mock.mockito.ResetMocksTestExecutionListener@2a8fe392]
2017-03-18 14:55:15,788 [main] [INFO] org.springframework.context.support.AbstractApplicationContext.prepareRefresh[582]- Refreshing org.springframework.context.annotation.AnnotationConfigApplicationContext@571a2ff1: startup date [Sat Mar 18 14:55:15 CST 2017]; root of context hierarchy
2017-03-18 14:55:16,174 [main] [INFO] org.springframework.beans.factory.annotation.AutowiredAnnotationBeanPostProcessor.<init>[155]- JSR-330 'javax.inject.Inject' annotation found and supported for autowiring
2017-03-18 14:55:16,213 [background-preinit] [INFO] org.hibernate.validator.internal.util.Version.<clinit>[30]- HV000001: Hibernate Validator 5.2.4.Final
2017-03-18 14:55:16,219 [main] [INFO] org.springframework.context.support.PostProcessorRegistrationDelegate$BeanPostProcessorChecker.postProcessAfterInitialization[325]- Bean 'configurationPropertiesRebinderAutoConfiguration' of type [class org.springframework.cloud.autoconfigure.ConfigurationPropertiesRebinderAutoConfiguration$$EnhancerBySpringCGLIB$$b09cdc1d] is not eligible for getting processed by all BeanPostProcessors (for example: not eligible for auto-proxying)
2017-03-18 14:55:16,933 [main] [INFO] org.springframework.boot.SpringApplication.logStartupProfileInfo[665]- The following profiles are active: dev
2017-03-18 14:55:16,940 [main] [INFO] org.springframework.context.support.AbstractApplicationContext.prepareRefresh[582]- Refreshing org.springframework.web.context.support.GenericWebApplicationContext@6fcb44ba: startup date [Sat Mar 18 14:55:16 CST 2017]; parent: org.springframework.context.annotation.AnnotationConfigApplicationContext@571a2ff1
2017-03-18 14:55:18,831 [main] [INFO] org.springframework.beans.factory.support.DefaultListableBeanFactory.registerBeanDefinition[821]- Overriding bean definition for bean 'managementServletContext' with a different definition: replacing [Root bean: class [null]; scope=; abstract=false; lazyInit=false; autowireMode=3; dependencyCheck=0; autowireCandidate=true; primary=false; factoryBeanName=org.springframework.boot.actuate.autoconfigure.EndpointWebMvcHypermediaManagementContextConfiguration; factoryMethodName=managementServletContext; initMethodName=null; destroyMethodName=(inferred); defined in class path resource [org/springframework/boot/actuate/autoconfigure/EndpointWebMvcHypermediaManagementContextConfiguration.class]] with [Root bean: class [null]; scope=; abstract=false; lazyInit=false; autowireMode=3; dependencyCheck=0; autowireCandidate=true; primary=false; factoryBeanName=org.springframework.boot.actuate.autoconfigure.EndpointWebMvcAutoConfiguration; factoryMethodName=managementServletContext; initMethodName=null; destroyMethodName=(inferred); defined in class path resource [org/springframework/boot/actuate/autoconfigure/EndpointWebMvcAutoConfiguration.class]]
2017-03-18 14:55:18,977 [main] [WARN] org.springframework.context.annotation.ConfigurationClassPostProcessor.enhanceConfigurationClasses[389]- Cannot enhance @Configuration bean definition 'refreshScope' since its singleton instance has been created too early. The typical cause is a non-static @Bean method with a BeanDefinitionRegistryPostProcessor return type: Consider declaring such methods as 'static'.
2017-03-18 14:55:19,325 [main] [INFO] org.springframework.cloud.context.scope.GenericScope.setSerializationId[263]- BeanFactory id=7ecdbad8-c4af-3d0f-a5b0-cb46a9aca50c
2017-03-18 14:55:19,600 [main] [INFO] org.springframework.beans.factory.annotation.AutowiredAnnotationBeanPostProcessor.<init>[155]- JSR-330 'javax.inject.Inject' annotation found and supported for autowiring
2017-03-18 14:55:19,781 [main] [INFO] org.springframework.context.support.PostProcessorRegistrationDelegate$BeanPostProcessorChecker.postProcessAfterInitialization[325]- Bean 'org.springframework.transaction.annotation.ProxyTransactionManagementConfiguration' of type [class org.springframework.transaction.annotation.ProxyTransactionManagementConfiguration$$EnhancerBySpringCGLIB$$9482d920] is not eligible for getting processed by all BeanPostProcessors (for example: not eligible for auto-proxying)
2017-03-18 14:55:20,011 [main] [INFO] org.springframework.context.support.PostProcessorRegistrationDelegate$BeanPostProcessorChecker.postProcessAfterInitialization[325]- Bean 'org.springframework.cloud.netflix.metrics.MetricsInterceptorConfiguration$MetricsRestTemplateConfiguration' of type [class org.springframework.cloud.netflix.metrics.MetricsInterceptorConfiguration$MetricsRestTemplateConfiguration$$EnhancerBySpringCGLIB$$c6af7f61] is not eligible for getting processed by all BeanPostProcessors (for example: not eligible for auto-proxying)
2017-03-18 14:55:20,052 [main] [INFO] org.springframework.context.support.PostProcessorRegistrationDelegate$BeanPostProcessorChecker.postProcessAfterInitialization[325]- Bean 'org.springframework.cloud.autoconfigure.ConfigurationPropertiesRebinderAutoConfiguration' of type [class org.springframework.cloud.autoconfigure.ConfigurationPropertiesRebinderAutoConfiguration$$EnhancerBySpringCGLIB$$b09cdc1d] is not eligible for getting processed by all BeanPostProcessors (for example: not eligible for auto-proxying)
2017-03-18 14:55:22,939 [main] [INFO] org.springframework.web.servlet.mvc.method.annotation.RequestMappingHandlerAdapter.initControllerAdviceCache[534]- Looking for @ControllerAdvice: org.springframework.web.context.support.GenericWebApplicationContext@6fcb44ba: startup date [Sat Mar 18 14:55:16 CST 2017]; parent: org.springframework.context.annotation.AnnotationConfigApplicationContext@571a2ff1
2017-03-18 14:55:22,956 [main] [INFO] org.springframework.web.servlet.mvc.method.annotation.RequestMappingHandlerAdapter.initControllerAdviceCache[566]- Detected ResponseBodyAdvice bean in org.springframework.boot.actuate.autoconfigure.EndpointWebMvcHypermediaManagementContextConfiguration$ActuatorEndpointLinksAdvice
2017-03-18 14:55:23,286 [main] [INFO] org.springframework.web.servlet.handler.AbstractHandlerMethodMapping$MappingRegistry.register[543]- Mapped "{[/error]}" onto public org.springframework.http.ResponseEntity<java.util.Map<java.lang.String, java.lang.Object>> org.springframework.boot.autoconfigure.web.BasicErrorController.error(javax.servlet.http.HttpServletRequest)
2017-03-18 14:55:23,287 [main] [INFO] org.springframework.web.servlet.handler.AbstractHandlerMethodMapping$MappingRegistry.register[543]- Mapped "{[/error],produces=[text/html]}" onto public org.springframework.web.servlet.ModelAndView org.springframework.boot.autoconfigure.web.BasicErrorController.errorHtml(javax.servlet.http.HttpServletRequest,javax.servlet.http.HttpServletResponse)
2017-03-18 14:55:23,495 [main] [INFO] org.springframework.web.servlet.handler.AbstractUrlHandlerMapping.registerHandler[354]- Mapped URL path [/webjars/**] onto handler of type [class org.springframework.web.servlet.resource.ResourceHttpRequestHandler]
2017-03-18 14:55:23,496 [main] [INFO] org.springframework.web.servlet.handler.AbstractUrlHandlerMapping.registerHandler[354]- Mapped URL path [/**] onto handler of type [class org.springframework.web.servlet.resource.ResourceHttpRequestHandler]
2017-03-18 14:55:23,558 [main] [INFO] org.springframework.web.servlet.mvc.method.annotation.ExceptionHandlerExceptionResolver.initExceptionHandlerAdviceCache[277]- Detected ResponseBodyAdvice implementation in org.springframework.boot.actuate.autoconfigure.EndpointWebMvcHypermediaManagementContextConfiguration$ActuatorEndpointLinksAdvice
2017-03-18 14:55:23,646 [main] [INFO] org.springframework.web.servlet.handler.AbstractUrlHandlerMapping.registerHandler[354]- Mapped URL path [/**/favicon.ico] onto handler of type [class org.springframework.web.servlet.resource.ResourceHttpRequestHandler]
2017-03-18 14:55:25,348 [main] [INFO] org.springframework.web.servlet.handler.AbstractHandlerMethodMapping$MappingRegistry.register[543]- Mapped "{[/mappings || /mappings.json],methods=[GET],produces=[application/json]}" onto public java.lang.Object org.springframework.boot.actuate.endpoint.mvc.EndpointMvcAdapter.invoke()
2017-03-18 14:55:25,350 [main] [INFO] org.springframework.web.servlet.handler.AbstractHandlerMethodMapping$MappingRegistry.register[543]- Mapped "{[/restart || /restart.json],methods=[POST]}" onto public java.lang.Object org.springframework.cloud.context.restart.RestartMvcEndpoint.invoke()
2017-03-18 14:55:25,351 [main] [INFO] org.springframework.web.servlet.handler.AbstractHandlerMethodMapping$MappingRegistry.register[543]- Mapped "{[/resume || /resume.json],methods=[POST]}" onto public java.lang.Object org.springframework.cloud.endpoint.GenericPostableMvcEndpoint.invoke()
2017-03-18 14:55:25,352 [main] [INFO] org.springframework.web.servlet.handler.AbstractHandlerMethodMapping$MappingRegistry.register[543]- Mapped "{[/refresh || /refresh.json],methods=[POST]}" onto public java.lang.Object org.springframework.cloud.endpoint.GenericPostableMvcEndpoint.invoke()
2017-03-18 14:55:25,353 [main] [INFO] org.springframework.web.servlet.handler.AbstractHandlerMethodMapping$MappingRegistry.register[543]- Mapped "{[/dump || /dump.json],methods=[GET],produces=[application/json]}" onto public java.lang.Object org.springframework.boot.actuate.endpoint.mvc.EndpointMvcAdapter.invoke()
2017-03-18 14:55:25,354 [main] [INFO] org.springframework.web.servlet.handler.AbstractHandlerMethodMapping$MappingRegistry.register[543]- Mapped "{[/archaius || /archaius.json],methods=[GET],produces=[application/json]}" onto public java.lang.Object org.springframework.boot.actuate.endpoint.mvc.EndpointMvcAdapter.invoke()
2017-03-18 14:55:25,356 [main] [INFO] org.springframework.web.servlet.handler.AbstractHandlerMethodMapping$MappingRegistry.register[543]- Mapped "{[/autoconfig || /autoconfig.json],methods=[GET],produces=[application/json]}" onto public java.lang.Object org.springframework.boot.actuate.endpoint.mvc.EndpointMvcAdapter.invoke()
2017-03-18 14:55:25,357 [main] [INFO] org.springframework.web.servlet.handler.AbstractHandlerMethodMapping$MappingRegistry.register[543]- Mapped "{[/features || /features.json],methods=[GET],produces=[application/json]}" onto public java.lang.Object org.springframework.boot.actuate.endpoint.mvc.EndpointMvcAdapter.invoke()
2017-03-18 14:55:25,358 [main] [INFO] org.springframework.web.servlet.handler.AbstractHandlerMethodMapping$MappingRegistry.register[543]- Mapped "{[/trace || /trace.json],methods=[GET],produces=[application/json]}" onto public java.lang.Object org.springframework.boot.actuate.endpoint.mvc.EndpointMvcAdapter.invoke()
2017-03-18 14:55:25,361 [main] [INFO] org.springframework.web.servlet.handler.AbstractHandlerMethodMapping$MappingRegistry.register[543]- Mapped "{[/beans || /beans.json],methods=[GET],produces=[application/json]}" onto public java.lang.Object org.springframework.boot.actuate.endpoint.mvc.EndpointMvcAdapter.invoke()
2017-03-18 14:55:25,362 [main] [INFO] org.springframework.web.servlet.handler.AbstractHandlerMethodMapping$MappingRegistry.register[543]- Mapped "{[/pause || /pause.json],methods=[POST]}" onto public java.lang.Object org.springframework.cloud.endpoint.GenericPostableMvcEndpoint.invoke()
2017-03-18 14:55:25,366 [main] [INFO] org.springframework.web.servlet.handler.AbstractHandlerMethodMapping$MappingRegistry.register[543]- Mapped "{[/env/{name:.*}],methods=[GET],produces=[application/json]}" onto public java.lang.Object org.springframework.boot.actuate.endpoint.mvc.EnvironmentMvcEndpoint.value(java.lang.String)
2017-03-18 14:55:25,367 [main] [INFO] org.springframework.web.servlet.handler.AbstractHandlerMethodMapping$MappingRegistry.register[543]- Mapped "{[/env || /env.json],methods=[GET],produces=[application/json]}" onto public java.lang.Object org.springframework.boot.actuate.endpoint.mvc.EndpointMvcAdapter.invoke()
2017-03-18 14:55:25,368 [main] [INFO] org.springframework.web.servlet.handler.AbstractHandlerMethodMapping$MappingRegistry.register[543]- Mapped "{[/configprops || /configprops.json],methods=[GET],produces=[application/json]}" onto public java.lang.Object org.springframework.boot.actuate.endpoint.mvc.EndpointMvcAdapter.invoke()
2017-03-18 14:55:25,369 [main] [INFO] org.springframework.web.servlet.handler.AbstractHandlerMethodMapping$MappingRegistry.register[543]- Mapped "{[/actuator || /actuator.json],produces=[application/json]}" onto public org.springframework.hateoas.ResourceSupport org.springframework.boot.actuate.endpoint.mvc.HalJsonMvcEndpoint.links()
2017-03-18 14:55:25,371 [main] [INFO] org.springframework.web.servlet.handler.AbstractHandlerMethodMapping$MappingRegistry.register[543]- Mapped "{[/health || /health.json],produces=[application/json]}" onto public java.lang.Object org.springframework.boot.actuate.endpoint.mvc.HealthMvcEndpoint.invoke(java.security.Principal)
2017-03-18 14:55:25,373 [main] [INFO] org.springframework.web.servlet.handler.AbstractHandlerMethodMapping$MappingRegistry.register[543]- Mapped "{[/heapdump || /heapdump.json],methods=[GET],produces=[application/octet-stream]}" onto public void org.springframework.boot.actuate.endpoint.mvc.HeapdumpMvcEndpoint.invoke(boolean,javax.servlet.http.HttpServletRequest,javax.servlet.http.HttpServletResponse) throws java.io.IOException,javax.servlet.ServletException
2017-03-18 14:55:25,374 [main] [INFO] org.springframework.web.servlet.handler.AbstractHandlerMethodMapping$MappingRegistry.register[543]- Mapped "{[/env],methods=[POST]}" onto public java.lang.Object org.springframework.cloud.context.environment.EnvironmentManagerMvcEndpoint.value(java.util.Map<java.lang.String, java.lang.String>)
2017-03-18 14:55:25,374 [main] [INFO] org.springframework.web.servlet.handler.AbstractHandlerMethodMapping$MappingRegistry.register[543]- Mapped "{[/env/reset],methods=[POST]}" onto public java.util.Map<java.lang.String, java.lang.Object> org.springframework.cloud.context.environment.EnvironmentManagerMvcEndpoint.reset()
2017-03-18 14:55:25,375 [main] [INFO] org.springframework.web.servlet.handler.AbstractHandlerMethodMapping$MappingRegistry.register[543]- Mapped "{[/info || /info.json],methods=[GET],produces=[application/json]}" onto public java.lang.Object org.springframework.boot.actuate.endpoint.mvc.EndpointMvcAdapter.invoke()
2017-03-18 14:55:25,377 [main] [INFO] org.springframework.web.servlet.handler.AbstractHandlerMethodMapping$MappingRegistry.register[543]- Mapped "{[/metrics/{name:.*}],methods=[GET],produces=[application/json]}" onto public java.lang.Object org.springframework.boot.actuate.endpoint.mvc.MetricsMvcEndpoint.value(java.lang.String)
2017-03-18 14:55:25,377 [main] [INFO] org.springframework.web.servlet.handler.AbstractHandlerMethodMapping$MappingRegistry.register[543]- Mapped "{[/metrics || /metrics.json],methods=[GET],produces=[application/json]}" onto public java.lang.Object org.springframework.boot.actuate.endpoint.mvc.EndpointMvcAdapter.invoke()
2017-03-18 14:55:25,788 [main] [INFO] org.springframework.ui.freemarker.SpringTemplateLoader.<init>[61]- SpringTemplateLoader for FreeMarker: using resource loader [org.springframework.web.context.support.GenericWebApplicationContext@6fcb44ba: startup date [Sat Mar 18 14:55:16 CST 2017]; parent: org.springframework.context.annotation.AnnotationConfigApplicationContext@571a2ff1] and template loader path [classpath:/templates/]
2017-03-18 14:55:25,790 [main] [INFO] org.springframework.web.servlet.view.freemarker.FreeMarkerConfigurer.postProcessTemplateLoaders[127]- ClassTemplateLoader for Spring macros added to FreeMarker configuration
2017-03-18 14:55:26,039 [main] [WARN] org.springframework.cloud.netflix.archaius.ArchaiusAutoConfiguration.configureArchaius[137]- No spring.application.name found, defaulting to 'application'
2017-03-18 14:55:26,045 [main] [WARN] com.netflix.config.sources.URLConfigurationSource.<init>[121]- No URLs will be polled as dynamic configuration sources.
2017-03-18 14:55:26,045 [main] [INFO] com.netflix.config.sources.URLConfigurationSource.<init>[122]- To enable URLs as dynamic configuration sources, define System property archaius.configurationSource.additionalUrls or make config.properties available on classpath.
2017-03-18 14:55:26,055 [main] [WARN] com.netflix.config.sources.URLConfigurationSource.<init>[121]- No URLs will be polled as dynamic configuration sources.
2017-03-18 14:55:26,055 [main] [INFO] com.netflix.config.sources.URLConfigurationSource.<init>[122]- To enable URLs as dynamic configuration sources, define System property archaius.configurationSource.additionalUrls or make config.properties available on classpath.
2017-03-18 14:55:26,590 [main] [INFO] org.springframework.boot.StartupInfoLogger.logStarted[57]- Started ESTest in 11.522 seconds (JVM running for 12.717)
