2017-03-17 19:56:50,631 [main] [INFO] org.springframework.test.context.support.AbstractTestContextBootstrapper.buildDefaultMergedContextConfiguration[319]- Neither @ContextConfiguration nor @ContextHierarchy found for test class [com.experian.comp.test.ESTest], using SpringBootContextLoader
2017-03-17 19:56:50,643 [main] [INFO] org.springframework.test.context.support.AbstractContextLoader.generateDefaultLocations[264]- Could not detect default resource locations for test class [com.experian.comp.test.ESTest]: no resource found for suffixes {-context.xml, Context.groovy}.
2017-03-17 19:56:50,828 [main] [INFO] org.springframework.test.context.support.AbstractTestContextBootstrapper.getDefaultTestExecutionListenerClassNames[260]- Loaded default TestExecutionListener class names from location [META-INF/spring.factories]: [org.springframework.test.context.web.ServletTestExecutionListener, org.springframework.test.context.support.DirtiesContextBeforeModesTestExecutionListener, org.springframework.test.context.support.DependencyInjectionTestExecutionListener, org.springframework.test.context.support.DirtiesContextTestExecutionListener, org.springframework.test.context.transaction.TransactionalTestExecutionListener, org.springframework.test.context.jdbc.SqlScriptsTestExecutionListener, org.springframework.boot.test.mock.mockito.MockitoTestExecutionListener, org.springframework.boot.test.mock.mockito.ResetMocksTestExecutionListener, org.springframework.boot.test.autoconfigure.restdocs.RestDocsTestExecutionListener, org.springframework.boot.test.autoconfigure.web.client.MockRestServiceServerResetTestExecutionListener, org.springframework.boot.test.autoconfigure.web.servlet.MockMvcPrintOnlyOnFailureTestExecutionListener, org.springframework.boot.test.autoconfigure.web.servlet.WebDriverTestExecutionListener]
2017-03-17 19:56:50,871 [main] [INFO] org.springframework.test.context.support.AbstractTestContextBootstrapper.getTestExecutionListeners[187]- Using TestExecutionListeners: [org.springframework.test.context.web.ServletTestExecutionListener@18ba689b, org.springframework.test.context.support.DirtiesContextBeforeModesTestExecutionListener@7629a4cb, org.springframework.boot.test.autoconfigure.SpringBootDependencyInjectionTestExecutionListener@28024808, org.springframework.test.context.support.DirtiesContextTestExecutionListener@2dc719bd, org.springframework.test.context.transaction.TransactionalTestExecutionListener@6a6adec5, org.springframework.test.context.jdbc.SqlScriptsTestExecutionListener@e478e18, org.springframework.boot.test.autoconfigure.web.servlet.WebDriverTestExecutionListener@7bc1d0fa, org.springframework.boot.test.autoconfigure.web.client.MockRestServiceServerResetTestExecutionListener@717f0c8f, org.springframework.boot.test.autoconfigure.restdocs.RestDocsTestExecutionListener@4c11ba7f, org.springframework.boot.test.mock.mockito.ResetMocksTestExecutionListener@1feb0edd, org.springframework.boot.test.autoconfigure.web.servlet.MockMvcPrintOnlyOnFailureTestExecutionListener@11cdf8a, org.springframework.boot.test.mock.mockito.MockitoTestExecutionListener@e97dd98]
2017-03-17 19:56:51,754 [main] [INFO] org.springframework.context.support.AbstractApplicationContext.prepareRefresh[582]- Refreshing org.springframework.context.annotation.AnnotationConfigApplicationContext@7f28abd9: startup date [Fri Mar 17 19:56:51 CST 2017]; root of context hierarchy
2017-03-17 19:56:52,132 [main] [INFO] org.springframework.beans.factory.annotation.AutowiredAnnotationBeanPostProcessor.<init>[155]- JSR-330 'javax.inject.Inject' annotation found and supported for autowiring
2017-03-17 19:56:52,208 [main] [INFO] org.springframework.context.support.PostProcessorRegistrationDelegate$BeanPostProcessorChecker.postProcessAfterInitialization[325]- Bean 'configurationPropertiesRebinderAutoConfiguration' of type [class org.springframework.cloud.autoconfigure.ConfigurationPropertiesRebinderAutoConfiguration$$EnhancerBySpringCGLIB$$3347a387] is not eligible for getting processed by all BeanPostProcessors (for example: not eligible for auto-proxying)
2017-03-17 19:56:52,213 [background-preinit] [INFO] org.hibernate.validator.internal.util.Version.<clinit>[30]- HV000001: Hibernate Validator 5.2.4.Final
2017-03-17 19:56:52,751 [main] [INFO] org.springframework.boot.SpringApplication.logStartupProfileInfo[665]- The following profiles are active: dev
2017-03-17 19:56:52,763 [main] [INFO] org.springframework.context.support.AbstractApplicationContext.prepareRefresh[582]- Refreshing org.springframework.web.context.support.GenericWebApplicationContext@298a6420: startup date [Fri Mar 17 19:56:52 CST 2017]; parent: org.springframework.context.annotation.AnnotationConfigApplicationContext@7f28abd9
2017-03-17 19:56:54,558 [main] [INFO] org.springframework.beans.factory.support.DefaultListableBeanFactory.registerBeanDefinition[821]- Overriding bean definition for bean 'managementServletContext' with a different definition: replacing [Root bean: class [null]; scope=; abstract=false; lazyInit=false; autowireMode=3; dependencyCheck=0; autowireCandidate=true; primary=false; factoryBeanName=org.springframework.boot.actuate.autoconfigure.EndpointWebMvcHypermediaManagementContextConfiguration; factoryMethodName=managementServletContext; initMethodName=null; destroyMethodName=(inferred); defined in class path resource [org/springframework/boot/actuate/autoconfigure/EndpointWebMvcHypermediaManagementContextConfiguration.class]] with [Root bean: class [null]; scope=; abstract=false; lazyInit=false; autowireMode=3; dependencyCheck=0; autowireCandidate=true; primary=false; factoryBeanName=org.springframework.boot.actuate.autoconfigure.EndpointWebMvcAutoConfiguration; factoryMethodName=managementServletContext; initMethodName=null; destroyMethodName=(inferred); defined in class path resource [org/springframework/boot/actuate/autoconfigure/EndpointWebMvcAutoConfiguration.class]]
2017-03-17 19:56:54,775 [main] [WARN] org.springframework.context.annotation.ConfigurationClassPostProcessor.enhanceConfigurationClasses[389]- Cannot enhance @Configuration bean definition 'refreshScope' since its singleton instance has been created too early. The typical cause is a non-static @Bean method with a BeanDefinitionRegistryPostProcessor return type: Consider declaring such methods as 'static'.
2017-03-17 19:56:55,107 [main] [INFO] org.springframework.cloud.context.scope.GenericScope.setSerializationId[263]- BeanFactory id=253e700d-5aad-34f6-8287-a93c93a8652f
2017-03-17 19:56:55,445 [main] [INFO] org.springframework.beans.factory.annotation.AutowiredAnnotationBeanPostProcessor.<init>[155]- JSR-330 'javax.inject.Inject' annotation found and supported for autowiring
2017-03-17 19:56:55,700 [main] [INFO] org.springframework.context.support.PostProcessorRegistrationDelegate$BeanPostProcessorChecker.postProcessAfterInitialization[325]- Bean 'org.springframework.transaction.annotation.ProxyTransactionManagementConfiguration' of type [class org.springframework.transaction.annotation.ProxyTransactionManagementConfiguration$$EnhancerBySpringCGLIB$$172da08a] is not eligible for getting processed by all BeanPostProcessors (for example: not eligible for auto-proxying)
2017-03-17 19:56:55,794 [main] [INFO] org.springframework.context.support.PostProcessorRegistrationDelegate$BeanPostProcessorChecker.postProcessAfterInitialization[325]- Bean 'org.springframework.cloud.autoconfigure.ConfigurationPropertiesRebinderAutoConfiguration' of type [class org.springframework.cloud.autoconfigure.ConfigurationPropertiesRebinderAutoConfiguration$$EnhancerBySpringCGLIB$$3347a387] is not eligible for getting processed by all BeanPostProcessors (for example: not eligible for auto-proxying)
2017-03-17 19:57:56,036 [main] [WARN] org.springframework.context.support.AbstractApplicationContext.refresh[550]- Exception encountered during context initialization - cancelling refresh attempt: org.springframework.beans.factory.BeanCreationException: Error creating bean with name 'connection' defined in class path resource [com/experian/comp/rabbitmq/config/RabbitMqConfig.class]: Bean instantiation via factory method failed; nested exception is org.springframework.beans.BeanInstantiationException: Failed to instantiate [com.rabbitmq.client.Connection]: Factory method 'connection' threw exception; nested exception is java.net.SocketTimeoutException: connect timed out
2017-03-17 19:57:56,058 [main] [INFO] org.springframework.boot.autoconfigure.logging.AutoConfigurationReportLoggingInitializer.logAutoConfigurationReport[101]- 

Error starting ApplicationContext. To display the auto-configuration report re-run your application with 'debug' enabled.
2017-03-17 19:57:56,065 [main] [ERROR] org.springframework.boot.SpringApplication.reportFailure[839]- Application startup failed
org.springframework.beans.factory.BeanCreationException: Error creating bean with name 'connection' defined in class path resource [com/experian/comp/rabbitmq/config/RabbitMqConfig.class]: Bean instantiation via factory method failed; nested exception is org.springframework.beans.BeanInstantiationException: Failed to instantiate [com.rabbitmq.client.Connection]: Factory method 'connection' threw exception; nested exception is java.net.SocketTimeoutException: connect timed out
	at org.springframework.beans.factory.support.ConstructorResolver.instantiateUsingFactoryMethod(ConstructorResolver.java:599)
	at org.springframework.beans.factory.support.AbstractAutowireCapableBeanFactory.instantiateUsingFactoryMethod(AbstractAutowireCapableBeanFactory.java:1128)
	at org.springframework.beans.factory.support.AbstractAutowireCapableBeanFactory.createBeanInstance(AbstractAutowireCapableBeanFactory.java:1022)
	at org.springframework.beans.factory.support.AbstractAutowireCapableBeanFactory.doCreateBean(AbstractAutowireCapableBeanFactory.java:512)
	at org.springframework.beans.factory.support.AbstractAutowireCapableBeanFactory.createBean(AbstractAutowireCapableBeanFactory.java:482)
	at org.springframework.beans.factory.support.AbstractBeanFactory$1.getObject(AbstractBeanFactory.java:306)
	at org.springframework.beans.factory.support.DefaultSingletonBeanRegistry.getSingleton(DefaultSingletonBeanRegistry.java:230)
	at org.springframework.beans.factory.support.AbstractBeanFactory.doGetBean(AbstractBeanFactory.java:302)
	at org.springframework.beans.factory.support.AbstractBeanFactory.getBean(AbstractBeanFactory.java:197)
	at org.springframework.beans.factory.support.DefaultListableBeanFactory.preInstantiateSingletons(DefaultListableBeanFactory.java:754)
	at org.springframework.context.support.AbstractApplicationContext.finishBeanFactoryInitialization(AbstractApplicationContext.java:866)
	at org.springframework.context.support.AbstractApplicationContext.refresh(AbstractApplicationContext.java:542)
	at org.springframework.boot.SpringApplication.refresh(SpringApplication.java:761)
	at org.springframework.boot.SpringApplication.refreshContext(SpringApplication.java:371)
	at org.springframework.boot.SpringApplication.run(SpringApplication.java:315)
	at org.springframework.boot.test.context.SpringBootContextLoader.loadContext(SpringBootContextLoader.java:111)
	at org.springframework.test.context.cache.DefaultCacheAwareContextLoaderDelegate.loadContextInternal(DefaultCacheAwareContextLoaderDelegate.java:98)
	at org.springframework.test.context.cache.DefaultCacheAwareContextLoaderDelegate.loadContext(DefaultCacheAwareContextLoaderDelegate.java:116)
	at org.springframework.test.context.support.DefaultTestContext.getApplicationContext(DefaultTestContext.java:83)
	at org.springframework.test.context.web.ServletTestExecutionListener.setUpRequestContextIfNecessary(ServletTestExecutionListener.java:189)
	at org.springframework.test.context.web.ServletTestExecutionListener.prepareTestInstance(ServletTestExecutionListener.java:131)
	at org.springframework.test.context.TestContextManager.prepareTestInstance(TestContextManager.java:230)
	at org.springframework.test.context.junit4.SpringJUnit4ClassRunner.createTest(SpringJUnit4ClassRunner.java:228)
	at org.springframework.test.context.junit4.SpringJUnit4ClassRunner$1.runReflectiveCall(SpringJUnit4ClassRunner.java:287)
	at org.junit.internal.runners.model.ReflectiveCallable.run(ReflectiveCallable.java:12)
	at org.springframework.test.context.junit4.SpringJUnit4ClassRunner.methodBlock(SpringJUnit4ClassRunner.java:289)
	at org.springframework.test.context.junit4.SpringJUnit4ClassRunner.runChild(SpringJUnit4ClassRunner.java:247)
	at org.springframework.test.context.junit4.SpringJUnit4ClassRunner.runChild(SpringJUnit4ClassRunner.java:94)
	at org.junit.runners.ParentRunner$3.run(ParentRunner.java:290)
	at org.junit.runners.ParentRunner$1.schedule(ParentRunner.java:71)
	at org.junit.runners.ParentRunner.runChildren(ParentRunner.java:288)
	at org.junit.runners.ParentRunner.access$000(ParentRunner.java:58)
	at org.junit.runners.ParentRunner$2.evaluate(ParentRunner.java:268)
	at org.springframework.test.context.junit4.statements.RunBeforeTestClassCallbacks.evaluate(RunBeforeTestClassCallbacks.java:61)
	at org.springframework.test.context.junit4.statements.RunAfterTestClassCallbacks.evaluate(RunAfterTestClassCallbacks.java:70)
	at org.junit.runners.ParentRunner.run(ParentRunner.java:363)
	at org.springframework.test.context.junit4.SpringJUnit4ClassRunner.run(SpringJUnit4ClassRunner.java:191)
	at org.eclipse.jdt.internal.junit4.runner.JUnit4TestReference.run(JUnit4TestReference.java:86)
	at org.eclipse.jdt.internal.junit.runner.TestExecution.run(TestExecution.java:38)
	at org.eclipse.jdt.internal.junit.runner.RemoteTestRunner.runTests(RemoteTestRunner.java:459)
	at org.eclipse.jdt.internal.junit.runner.RemoteTestRunner.runTests(RemoteTestRunner.java:675)
	at org.eclipse.jdt.internal.junit.runner.RemoteTestRunner.run(RemoteTestRunner.java:382)
	at org.eclipse.jdt.internal.junit.runner.RemoteTestRunner.main(RemoteTestRunner.java:192)
Caused by: org.springframework.beans.BeanInstantiationException: Failed to instantiate [com.rabbitmq.client.Connection]: Factory method 'connection' threw exception; nested exception is java.net.SocketTimeoutException: connect timed out
	at org.springframework.beans.factory.support.SimpleInstantiationStrategy.instantiate(SimpleInstantiationStrategy.java:189)
	at org.springframework.beans.factory.support.ConstructorResolver.instantiateUsingFactoryMethod(ConstructorResolver.java:588)
	... 42 more
Caused by: java.net.SocketTimeoutException: connect timed out
	at java.net.PlainSocketImpl.socketConnect(Native Method)
	at java.net.AbstractPlainSocketImpl.doConnect(AbstractPlainSocketImpl.java:339)
	at java.net.AbstractPlainSocketImpl.connectToAddress(AbstractPlainSocketImpl.java:200)
	at java.net.AbstractPlainSocketImpl.connect(AbstractPlainSocketImpl.java:182)
	at java.net.SocksSocketImpl.connect(SocksSocketImpl.java:392)
	at java.net.Socket.connect(Socket.java:579)
	at com.rabbitmq.client.impl.SocketFrameHandlerFactory.create(SocketFrameHandlerFactory.java:50)
	at com.rabbitmq.client.impl.recovery.RecoveryAwareAMQConnectionFactory.newConnection(RecoveryAwareAMQConnectionFactory.java:60)
	at com.rabbitmq.client.impl.recovery.AutorecoveringConnection.init(AutorecoveringConnection.java:99)
	at com.rabbitmq.client.ConnectionFactory.newConnection(ConnectionFactory.java:900)
	at com.rabbitmq.client.ConnectionFactory.newConnection(ConnectionFactory.java:859)
	at com.rabbitmq.client.ConnectionFactory.newConnection(ConnectionFactory.java:817)
	at com.rabbitmq.client.ConnectionFactory.newConnection(ConnectionFactory.java:954)
	at com.experian.comp.rabbitmq.config.RabbitMqConfig.connection(RabbitMqConfig.java:26)
	at com.experian.comp.rabbitmq.config.RabbitMqConfig$$EnhancerBySpringCGLIB$$9690bc35.CGLIB$connection$2(<generated>)
	at com.experian.comp.rabbitmq.config.RabbitMqConfig$$EnhancerBySpringCGLIB$$9690bc35$$FastClassBySpringCGLIB$$bfb6f6ca.invoke(<generated>)
	at org.springframework.cglib.proxy.MethodProxy.invokeSuper(MethodProxy.java:228)
	at org.springframework.context.annotation.ConfigurationClassEnhancer$BeanMethodInterceptor.intercept(ConfigurationClassEnhancer.java:356)
	at com.experian.comp.rabbitmq.config.RabbitMqConfig$$EnhancerBySpringCGLIB$$9690bc35.connection(<generated>)
	at sun.reflect.NativeMethodAccessorImpl.invoke0(Native Method)
	at sun.reflect.NativeMethodAccessorImpl.invoke(NativeMethodAccessorImpl.java:57)
	at sun.reflect.DelegatingMethodAccessorImpl.invoke(DelegatingMethodAccessorImpl.java:43)
	at java.lang.reflect.Method.invoke(Method.java:606)
	at org.springframework.beans.factory.support.SimpleInstantiationStrategy.instantiate(SimpleInstantiationStrategy.java:162)
	... 43 more
2017-03-17 19:57:56,072 [main] [ERROR] org.springframework.test.context.TestContextManager.prepareTestInstance[234]- Caught exception while allowing TestExecutionListener [org.springframework.test.context.web.ServletTestExecutionListener@18ba689b] to prepare test instance [com.experian.comp.test.ESTest@4ffb0140]
java.lang.IllegalStateException: Failed to load ApplicationContext
	at org.springframework.test.context.cache.DefaultCacheAwareContextLoaderDelegate.loadContext(DefaultCacheAwareContextLoaderDelegate.java:124)
	at org.springframework.test.context.support.DefaultTestContext.getApplicationContext(DefaultTestContext.java:83)
	at org.springframework.test.context.web.ServletTestExecutionListener.setUpRequestContextIfNecessary(ServletTestExecutionListener.java:189)
	at org.springframework.test.context.web.ServletTestExecutionListener.prepareTestInstance(ServletTestExecutionListener.java:131)
	at org.springframework.test.context.TestContextManager.prepareTestInstance(TestContextManager.java:230)
	at org.springframework.test.context.junit4.SpringJUnit4ClassRunner.createTest(SpringJUnit4ClassRunner.java:228)
	at org.springframework.test.context.junit4.SpringJUnit4ClassRunner$1.runReflectiveCall(SpringJUnit4ClassRunner.java:287)
	at org.junit.internal.runners.model.ReflectiveCallable.run(ReflectiveCallable.java:12)
	at org.springframework.test.context.junit4.SpringJUnit4ClassRunner.methodBlock(SpringJUnit4ClassRunner.java:289)
	at org.springframework.test.context.junit4.SpringJUnit4ClassRunner.runChild(SpringJUnit4ClassRunner.java:247)
	at org.springframework.test.context.junit4.SpringJUnit4ClassRunner.runChild(SpringJUnit4ClassRunner.java:94)
	at org.junit.runners.ParentRunner$3.run(ParentRunner.java:290)
	at org.junit.runners.ParentRunner$1.schedule(ParentRunner.java:71)
	at org.junit.runners.ParentRunner.runChildren(ParentRunner.java:288)
	at org.junit.runners.ParentRunner.access$000(ParentRunner.java:58)
	at org.junit.runners.ParentRunner$2.evaluate(ParentRunner.java:268)
	at org.springframework.test.context.junit4.statements.RunBeforeTestClassCallbacks.evaluate(RunBeforeTestClassCallbacks.java:61)
	at org.springframework.test.context.junit4.statements.RunAfterTestClassCallbacks.evaluate(RunAfterTestClassCallbacks.java:70)
	at org.junit.runners.ParentRunner.run(ParentRunner.java:363)
	at org.springframework.test.context.junit4.SpringJUnit4ClassRunner.run(SpringJUnit4ClassRunner.java:191)
	at org.eclipse.jdt.internal.junit4.runner.JUnit4TestReference.run(JUnit4TestReference.java:86)
	at org.eclipse.jdt.internal.junit.runner.TestExecution.run(TestExecution.java:38)
	at org.eclipse.jdt.internal.junit.runner.RemoteTestRunner.runTests(RemoteTestRunner.java:459)
	at org.eclipse.jdt.internal.junit.runner.RemoteTestRunner.runTests(RemoteTestRunner.java:675)
	at org.eclipse.jdt.internal.junit.runner.RemoteTestRunner.run(RemoteTestRunner.java:382)
	at org.eclipse.jdt.internal.junit.runner.RemoteTestRunner.main(RemoteTestRunner.java:192)
Caused by: org.springframework.beans.factory.BeanCreationException: Error creating bean with name 'connection' defined in class path resource [com/experian/comp/rabbitmq/config/RabbitMqConfig.class]: Bean instantiation via factory method failed; nested exception is org.springframework.beans.BeanInstantiationException: Failed to instantiate [com.rabbitmq.client.Connection]: Factory method 'connection' threw exception; nested exception is java.net.SocketTimeoutException: connect timed out
	at org.springframework.beans.factory.support.ConstructorResolver.instantiateUsingFactoryMethod(ConstructorResolver.java:599)
	at org.springframework.beans.factory.support.AbstractAutowireCapableBeanFactory.instantiateUsingFactoryMethod(AbstractAutowireCapableBeanFactory.java:1128)
	at org.springframework.beans.factory.support.AbstractAutowireCapableBeanFactory.createBeanInstance(AbstractAutowireCapableBeanFactory.java:1022)
	at org.springframework.beans.factory.support.AbstractAutowireCapableBeanFactory.doCreateBean(AbstractAutowireCapableBeanFactory.java:512)
	at org.springframework.beans.factory.support.AbstractAutowireCapableBeanFactory.createBean(AbstractAutowireCapableBeanFactory.java:482)
	at org.springframework.beans.factory.support.AbstractBeanFactory$1.getObject(AbstractBeanFactory.java:306)
	at org.springframework.beans.factory.support.DefaultSingletonBeanRegistry.getSingleton(DefaultSingletonBeanRegistry.java:230)
	at org.springframework.beans.factory.support.AbstractBeanFactory.doGetBean(AbstractBeanFactory.java:302)
	at org.springframework.beans.factory.support.AbstractBeanFactory.getBean(AbstractBeanFactory.java:197)
	at org.springframework.beans.factory.support.DefaultListableBeanFactory.preInstantiateSingletons(DefaultListableBeanFactory.java:754)
	at org.springframework.context.support.AbstractApplicationContext.finishBeanFactoryInitialization(AbstractApplicationContext.java:866)
	at org.springframework.context.support.AbstractApplicationContext.refresh(AbstractApplicationContext.java:542)
	at org.springframework.boot.SpringApplication.refresh(SpringApplication.java:761)
	at org.springframework.boot.SpringApplication.refreshContext(SpringApplication.java:371)
	at org.springframework.boot.SpringApplication.run(SpringApplication.java:315)
	at org.springframework.boot.test.context.SpringBootContextLoader.loadContext(SpringBootContextLoader.java:111)
	at org.springframework.test.context.cache.DefaultCacheAwareContextLoaderDelegate.loadContextInternal(DefaultCacheAwareContextLoaderDelegate.java:98)
	at org.springframework.test.context.cache.DefaultCacheAwareContextLoaderDelegate.loadContext(DefaultCacheAwareContextLoaderDelegate.java:116)
	... 25 more
Caused by: org.springframework.beans.BeanInstantiationException: Failed to instantiate [com.rabbitmq.client.Connection]: Factory method 'connection' threw exception; nested exception is java.net.SocketTimeoutException: connect timed out
	at org.springframework.beans.factory.support.SimpleInstantiationStrategy.instantiate(SimpleInstantiationStrategy.java:189)
	at org.springframework.beans.factory.support.ConstructorResolver.instantiateUsingFactoryMethod(ConstructorResolver.java:588)
	... 42 more
Caused by: java.net.SocketTimeoutException: connect timed out
	at java.net.PlainSocketImpl.socketConnect(Native Method)
	at java.net.AbstractPlainSocketImpl.doConnect(AbstractPlainSocketImpl.java:339)
	at java.net.AbstractPlainSocketImpl.connectToAddress(AbstractPlainSocketImpl.java:200)
	at java.net.AbstractPlainSocketImpl.connect(AbstractPlainSocketImpl.java:182)
	at java.net.SocksSocketImpl.connect(SocksSocketImpl.java:392)
	at java.net.Socket.connect(Socket.java:579)
	at com.rabbitmq.client.impl.SocketFrameHandlerFactory.create(SocketFrameHandlerFactory.java:50)
	at com.rabbitmq.client.impl.recovery.RecoveryAwareAMQConnectionFactory.newConnection(RecoveryAwareAMQConnectionFactory.java:60)
	at com.rabbitmq.client.impl.recovery.AutorecoveringConnection.init(AutorecoveringConnection.java:99)
	at com.rabbitmq.client.ConnectionFactory.newConnection(ConnectionFactory.java:900)
	at com.rabbitmq.client.ConnectionFactory.newConnection(ConnectionFactory.java:859)
	at com.rabbitmq.client.ConnectionFactory.newConnection(ConnectionFactory.java:817)
	at com.rabbitmq.client.ConnectionFactory.newConnection(ConnectionFactory.java:954)
	at com.experian.comp.rabbitmq.config.RabbitMqConfig.connection(RabbitMqConfig.java:26)
	at com.experian.comp.rabbitmq.config.RabbitMqConfig$$EnhancerBySpringCGLIB$$9690bc35.CGLIB$connection$2(<generated>)
	at com.experian.comp.rabbitmq.config.RabbitMqConfig$$EnhancerBySpringCGLIB$$9690bc35$$FastClassBySpringCGLIB$$bfb6f6ca.invoke(<generated>)
	at org.springframework.cglib.proxy.MethodProxy.invokeSuper(MethodProxy.java:228)
	at org.springframework.context.annotation.ConfigurationClassEnhancer$BeanMethodInterceptor.intercept(ConfigurationClassEnhancer.java:356)
	at com.experian.comp.rabbitmq.config.RabbitMqConfig$$EnhancerBySpringCGLIB$$9690bc35.connection(<generated>)
	at sun.reflect.NativeMethodAccessorImpl.invoke0(Native Method)
	at sun.reflect.NativeMethodAccessorImpl.invoke(NativeMethodAccessorImpl.java:57)
	at sun.reflect.DelegatingMethodAccessorImpl.invoke(DelegatingMethodAccessorImpl.java:43)
	at java.lang.reflect.Method.invoke(Method.java:606)
	at org.springframework.beans.factory.support.SimpleInstantiationStrategy.instantiate(SimpleInstantiationStrategy.java:162)
	... 43 more
2017-03-17 19:58:31,036 [main] [INFO] org.springframework.test.context.support.AbstractTestContextBootstrapper.buildDefaultMergedContextConfiguration[319]- Neither @ContextConfiguration nor @ContextHierarchy found for test class [com.experian.comp.test.ESTest], using SpringBootContextLoader
2017-03-17 19:58:31,043 [main] [INFO] org.springframework.test.context.support.AbstractContextLoader.generateDefaultLocations[264]- Could not detect default resource locations for test class [com.experian.comp.test.ESTest]: no resource found for suffixes {-context.xml, Context.groovy}.
2017-03-17 19:58:31,210 [main] [INFO] org.springframework.test.context.support.AbstractTestContextBootstrapper.getDefaultTestExecutionListenerClassNames[260]- Loaded default TestExecutionListener class names from location [META-INF/spring.factories]: [org.springframework.test.context.web.ServletTestExecutionListener, org.springframework.test.context.support.DirtiesContextBeforeModesTestExecutionListener, org.springframework.test.context.support.DependencyInjectionTestExecutionListener, org.springframework.test.context.support.DirtiesContextTestExecutionListener, org.springframework.test.context.transaction.TransactionalTestExecutionListener, org.springframework.test.context.jdbc.SqlScriptsTestExecutionListener, org.springframework.boot.test.mock.mockito.MockitoTestExecutionListener, org.springframework.boot.test.mock.mockito.ResetMocksTestExecutionListener, org.springframework.boot.test.autoconfigure.restdocs.RestDocsTestExecutionListener, org.springframework.boot.test.autoconfigure.web.client.MockRestServiceServerResetTestExecutionListener, org.springframework.boot.test.autoconfigure.web.servlet.MockMvcPrintOnlyOnFailureTestExecutionListener, org.springframework.boot.test.autoconfigure.web.servlet.WebDriverTestExecutionListener]
2017-03-17 19:58:31,253 [main] [INFO] org.springframework.test.context.support.AbstractTestContextBootstrapper.getTestExecutionListeners[187]- Using TestExecutionListeners: [org.springframework.test.context.web.ServletTestExecutionListener@e478e18, org.springframework.test.context.support.DirtiesContextBeforeModesTestExecutionListener@7bc1d0fa, org.springframework.boot.test.autoconfigure.SpringBootDependencyInjectionTestExecutionListener@717f0c8f, org.springframework.test.context.support.DirtiesContextTestExecutionListener@4c11ba7f, org.springframework.test.context.transaction.TransactionalTestExecutionListener@1feb0edd, org.springframework.test.context.jdbc.SqlScriptsTestExecutionListener@11cdf8a, org.springframework.boot.test.autoconfigure.web.client.MockRestServiceServerResetTestExecutionListener@e97dd98, org.springframework.boot.test.autoconfigure.restdocs.RestDocsTestExecutionListener@14552da4, org.springframework.boot.test.mock.mockito.MockitoTestExecutionListener@64277469, org.springframework.boot.test.autoconfigure.web.servlet.WebDriverTestExecutionListener@5a4bccdd, org.springframework.boot.test.mock.mockito.ResetMocksTestExecutionListener@2676ef7b, org.springframework.boot.test.autoconfigure.web.servlet.MockMvcPrintOnlyOnFailureTestExecutionListener@4a6487f7]
2017-03-17 19:58:32,136 [main] [INFO] org.springframework.context.support.AbstractApplicationContext.prepareRefresh[582]- Refreshing org.springframework.context.annotation.AnnotationConfigApplicationContext@50dbcaa4: startup date [Fri Mar 17 19:58:32 CST 2017]; root of context hierarchy
2017-03-17 19:58:32,553 [main] [INFO] org.springframework.beans.factory.annotation.AutowiredAnnotationBeanPostProcessor.<init>[155]- JSR-330 'javax.inject.Inject' annotation found and supported for autowiring
2017-03-17 19:58:32,573 [background-preinit] [INFO] org.hibernate.validator.internal.util.Version.<clinit>[30]- HV000001: Hibernate Validator 5.2.4.Final
2017-03-17 19:58:32,604 [main] [INFO] org.springframework.context.support.PostProcessorRegistrationDelegate$BeanPostProcessorChecker.postProcessAfterInitialization[325]- Bean 'configurationPropertiesRebinderAutoConfiguration' of type [class org.springframework.cloud.autoconfigure.ConfigurationPropertiesRebinderAutoConfiguration$$EnhancerBySpringCGLIB$$de8feafb] is not eligible for getting processed by all BeanPostProcessors (for example: not eligible for auto-proxying)
2017-03-17 19:58:33,177 [main] [INFO] org.springframework.boot.SpringApplication.logStartupProfileInfo[665]- The following profiles are active: dev
2017-03-17 19:58:33,185 [main] [INFO] org.springframework.context.support.AbstractApplicationContext.prepareRefresh[582]- Refreshing org.springframework.web.context.support.GenericWebApplicationContext@1a7c7db: startup date [Fri Mar 17 19:58:33 CST 2017]; parent: org.springframework.context.annotation.AnnotationConfigApplicationContext@50dbcaa4
2017-03-17 19:58:35,077 [main] [INFO] org.springframework.beans.factory.support.DefaultListableBeanFactory.registerBeanDefinition[821]- Overriding bean definition for bean 'managementServletContext' with a different definition: replacing [Root bean: class [null]; scope=; abstract=false; lazyInit=false; autowireMode=3; dependencyCheck=0; autowireCandidate=true; primary=false; factoryBeanName=org.springframework.boot.actuate.autoconfigure.EndpointWebMvcHypermediaManagementContextConfiguration; factoryMethodName=managementServletContext; initMethodName=null; destroyMethodName=(inferred); defined in class path resource [org/springframework/boot/actuate/autoconfigure/EndpointWebMvcHypermediaManagementContextConfiguration.class]] with [Root bean: class [null]; scope=; abstract=false; lazyInit=false; autowireMode=3; dependencyCheck=0; autowireCandidate=true; primary=false; factoryBeanName=org.springframework.boot.actuate.autoconfigure.EndpointWebMvcAutoConfiguration; factoryMethodName=managementServletContext; initMethodName=null; destroyMethodName=(inferred); defined in class path resource [org/springframework/boot/actuate/autoconfigure/EndpointWebMvcAutoConfiguration.class]]
2017-03-17 19:58:35,275 [main] [WARN] org.springframework.context.annotation.ConfigurationClassPostProcessor.enhanceConfigurationClasses[389]- Cannot enhance @Configuration bean definition 'refreshScope' since its singleton instance has been created too early. The typical cause is a non-static @Bean method with a BeanDefinitionRegistryPostProcessor return type: Consider declaring such methods as 'static'.
2017-03-17 19:58:35,589 [main] [INFO] org.springframework.cloud.context.scope.GenericScope.setSerializationId[263]- BeanFactory id=810c735e-fbd2-3463-9dfb-ce6a3d33637b
2017-03-17 19:58:35,865 [main] [INFO] org.springframework.beans.factory.annotation.AutowiredAnnotationBeanPostProcessor.<init>[155]- JSR-330 'javax.inject.Inject' annotation found and supported for autowiring
2017-03-17 19:58:36,093 [main] [INFO] org.springframework.context.support.PostProcessorRegistrationDelegate$BeanPostProcessorChecker.postProcessAfterInitialization[325]- Bean 'org.springframework.transaction.annotation.ProxyTransactionManagementConfiguration' of type [class org.springframework.transaction.annotation.ProxyTransactionManagementConfiguration$$EnhancerBySpringCGLIB$$c275e7fe] is not eligible for getting processed by all BeanPostProcessors (for example: not eligible for auto-proxying)
2017-03-17 19:58:36,182 [main] [INFO] org.springframework.context.support.PostProcessorRegistrationDelegate$BeanPostProcessorChecker.postProcessAfterInitialization[325]- Bean 'org.springframework.cloud.autoconfigure.ConfigurationPropertiesRebinderAutoConfiguration' of type [class org.springframework.cloud.autoconfigure.ConfigurationPropertiesRebinderAutoConfiguration$$EnhancerBySpringCGLIB$$de8feafb] is not eligible for getting processed by all BeanPostProcessors (for example: not eligible for auto-proxying)
2017-03-17 19:58:37,808 [main] [INFO] org.springframework.web.servlet.mvc.method.annotation.RequestMappingHandlerAdapter.initControllerAdviceCache[534]- Looking for @ControllerAdvice: org.springframework.web.context.support.GenericWebApplicationContext@1a7c7db: startup date [Fri Mar 17 19:58:33 CST 2017]; parent: org.springframework.context.annotation.AnnotationConfigApplicationContext@50dbcaa4
2017-03-17 19:58:37,825 [main] [INFO] org.springframework.web.servlet.mvc.method.annotation.RequestMappingHandlerAdapter.initControllerAdviceCache[566]- Detected ResponseBodyAdvice bean in org.springframework.boot.actuate.autoconfigure.EndpointWebMvcHypermediaManagementContextConfiguration$ActuatorEndpointLinksAdvice
2017-03-17 19:58:38,325 [main] [INFO] org.springframework.web.servlet.handler.AbstractHandlerMethodMapping$MappingRegistry.register[543]- Mapped "{[/error]}" onto public org.springframework.http.ResponseEntity<java.util.Map<java.lang.String, java.lang.Object>> org.springframework.boot.autoconfigure.web.BasicErrorController.error(javax.servlet.http.HttpServletRequest)
2017-03-17 19:58:38,328 [main] [INFO] org.springframework.web.servlet.handler.AbstractHandlerMethodMapping$MappingRegistry.register[543]- Mapped "{[/error],produces=[text/html]}" onto public org.springframework.web.servlet.ModelAndView org.springframework.boot.autoconfigure.web.BasicErrorController.errorHtml(javax.servlet.http.HttpServletRequest,javax.servlet.http.HttpServletResponse)
2017-03-17 19:58:38,587 [main] [INFO] org.springframework.web.servlet.handler.AbstractUrlHandlerMapping.registerHandler[354]- Mapped URL path [/webjars/**] onto handler of type [class org.springframework.web.servlet.resource.ResourceHttpRequestHandler]
2017-03-17 19:58:38,588 [main] [INFO] org.springframework.web.servlet.handler.AbstractUrlHandlerMapping.registerHandler[354]- Mapped URL path [/**] onto handler of type [class org.springframework.web.servlet.resource.ResourceHttpRequestHandler]
2017-03-17 19:58:38,653 [main] [INFO] org.springframework.web.servlet.mvc.method.annotation.ExceptionHandlerExceptionResolver.initExceptionHandlerAdviceCache[277]- Detected ResponseBodyAdvice implementation in org.springframework.boot.actuate.autoconfigure.EndpointWebMvcHypermediaManagementContextConfiguration$ActuatorEndpointLinksAdvice
2017-03-17 19:58:38,740 [main] [INFO] org.springframework.web.servlet.handler.AbstractUrlHandlerMapping.registerHandler[354]- Mapped URL path [/**/favicon.ico] onto handler of type [class org.springframework.web.servlet.resource.ResourceHttpRequestHandler]
2017-03-17 19:58:40,487 [main] [INFO] org.springframework.web.servlet.handler.AbstractHandlerMethodMapping$MappingRegistry.register[543]- Mapped "{[/health || /health.json],produces=[application/json]}" onto public java.lang.Object org.springframework.boot.actuate.endpoint.mvc.HealthMvcEndpoint.invoke(java.security.Principal)
2017-03-17 19:58:40,490 [main] [INFO] org.springframework.web.servlet.handler.AbstractHandlerMethodMapping$MappingRegistry.register[543]- Mapped "{[/dump || /dump.json],methods=[GET],produces=[application/json]}" onto public java.lang.Object org.springframework.boot.actuate.endpoint.mvc.EndpointMvcAdapter.invoke()
2017-03-17 19:58:40,491 [main] [INFO] org.springframework.web.servlet.handler.AbstractHandlerMethodMapping$MappingRegistry.register[543]- Mapped "{[/archaius || /archaius.json],methods=[GET],produces=[application/json]}" onto public java.lang.Object org.springframework.boot.actuate.endpoint.mvc.EndpointMvcAdapter.invoke()
2017-03-17 19:58:40,492 [main] [INFO] org.springframework.web.servlet.handler.AbstractHandlerMethodMapping$MappingRegistry.register[543]- Mapped "{[/mappings || /mappings.json],methods=[GET],produces=[application/json]}" onto public java.lang.Object org.springframework.boot.actuate.endpoint.mvc.EndpointMvcAdapter.invoke()
2017-03-17 19:58:40,493 [main] [INFO] org.springframework.web.servlet.handler.AbstractHandlerMethodMapping$MappingRegistry.register[543]- Mapped "{[/heapdump || /heapdump.json],methods=[GET],produces=[application/octet-stream]}" onto public void org.springframework.boot.actuate.endpoint.mvc.HeapdumpMvcEndpoint.invoke(boolean,javax.servlet.http.HttpServletRequest,javax.servlet.http.HttpServletResponse) throws java.io.IOException,javax.servlet.ServletException
2017-03-17 19:58:40,495 [main] [INFO] org.springframework.web.servlet.handler.AbstractHandlerMethodMapping$MappingRegistry.register[543]- Mapped "{[/configprops || /configprops.json],methods=[GET],produces=[application/json]}" onto public java.lang.Object org.springframework.boot.actuate.endpoint.mvc.EndpointMvcAdapter.invoke()
2017-03-17 19:58:40,497 [main] [INFO] org.springframework.web.servlet.handler.AbstractHandlerMethodMapping$MappingRegistry.register[543]- Mapped "{[/env],methods=[POST]}" onto public java.lang.Object org.springframework.cloud.context.environment.EnvironmentManagerMvcEndpoint.value(java.util.Map<java.lang.String, java.lang.String>)
2017-03-17 19:58:40,497 [main] [INFO] org.springframework.web.servlet.handler.AbstractHandlerMethodMapping$MappingRegistry.register[543]- Mapped "{[/env/reset],methods=[POST]}" onto public java.util.Map<java.lang.String, java.lang.Object> org.springframework.cloud.context.environment.EnvironmentManagerMvcEndpoint.reset()
2017-03-17 19:58:40,499 [main] [INFO] org.springframework.web.servlet.handler.AbstractHandlerMethodMapping$MappingRegistry.register[543]- Mapped "{[/info || /info.json],methods=[GET],produces=[application/json]}" onto public java.lang.Object org.springframework.boot.actuate.endpoint.mvc.EndpointMvcAdapter.invoke()
2017-03-17 19:58:40,500 [main] [INFO] org.springframework.web.servlet.handler.AbstractHandlerMethodMapping$MappingRegistry.register[543]- Mapped "{[/autoconfig || /autoconfig.json],methods=[GET],produces=[application/json]}" onto public java.lang.Object org.springframework.boot.actuate.endpoint.mvc.EndpointMvcAdapter.invoke()
2017-03-17 19:58:40,501 [main] [INFO] org.springframework.web.servlet.handler.AbstractHandlerMethodMapping$MappingRegistry.register[543]- Mapped "{[/resume || /resume.json],methods=[POST]}" onto public java.lang.Object org.springframework.cloud.endpoint.GenericPostableMvcEndpoint.invoke()
2017-03-17 19:58:40,505 [main] [INFO] org.springframework.web.servlet.handler.AbstractHandlerMethodMapping$MappingRegistry.register[543]- Mapped "{[/env/{name:.*}],methods=[GET],produces=[application/json]}" onto public java.lang.Object org.springframework.boot.actuate.endpoint.mvc.EnvironmentMvcEndpoint.value(java.lang.String)
2017-03-17 19:58:40,506 [main] [INFO] org.springframework.web.servlet.handler.AbstractHandlerMethodMapping$MappingRegistry.register[543]- Mapped "{[/env || /env.json],methods=[GET],produces=[application/json]}" onto public java.lang.Object org.springframework.boot.actuate.endpoint.mvc.EndpointMvcAdapter.invoke()
2017-03-17 19:58:40,510 [main] [INFO] org.springframework.web.servlet.handler.AbstractHandlerMethodMapping$MappingRegistry.register[543]- Mapped "{[/beans || /beans.json],methods=[GET],produces=[application/json]}" onto public java.lang.Object org.springframework.boot.actuate.endpoint.mvc.EndpointMvcAdapter.invoke()
2017-03-17 19:58:40,512 [main] [INFO] org.springframework.web.servlet.handler.AbstractHandlerMethodMapping$MappingRegistry.register[543]- Mapped "{[/restart || /restart.json],methods=[POST]}" onto public java.lang.Object org.springframework.cloud.context.restart.RestartMvcEndpoint.invoke()
2017-03-17 19:58:40,514 [main] [INFO] org.springframework.web.servlet.handler.AbstractHandlerMethodMapping$MappingRegistry.register[543]- Mapped "{[/features || /features.json],methods=[GET],produces=[application/json]}" onto public java.lang.Object org.springframework.boot.actuate.endpoint.mvc.EndpointMvcAdapter.invoke()
2017-03-17 19:58:40,515 [main] [INFO] org.springframework.web.servlet.handler.AbstractHandlerMethodMapping$MappingRegistry.register[543]- Mapped "{[/pause || /pause.json],methods=[POST]}" onto public java.lang.Object org.springframework.cloud.endpoint.GenericPostableMvcEndpoint.invoke()
2017-03-17 19:58:40,517 [main] [INFO] org.springframework.web.servlet.handler.AbstractHandlerMethodMapping$MappingRegistry.register[543]- Mapped "{[/metrics/{name:.*}],methods=[GET],produces=[application/json]}" onto public java.lang.Object org.springframework.boot.actuate.endpoint.mvc.MetricsMvcEndpoint.value(java.lang.String)
2017-03-17 19:58:40,517 [main] [INFO] org.springframework.web.servlet.handler.AbstractHandlerMethodMapping$MappingRegistry.register[543]- Mapped "{[/metrics || /metrics.json],methods=[GET],produces=[application/json]}" onto public java.lang.Object org.springframework.boot.actuate.endpoint.mvc.EndpointMvcAdapter.invoke()
2017-03-17 19:58:40,518 [main] [INFO] org.springframework.web.servlet.handler.AbstractHandlerMethodMapping$MappingRegistry.register[543]- Mapped "{[/trace || /trace.json],methods=[GET],produces=[application/json]}" onto public java.lang.Object org.springframework.boot.actuate.endpoint.mvc.EndpointMvcAdapter.invoke()
2017-03-17 19:58:40,522 [main] [INFO] org.springframework.web.servlet.handler.AbstractHandlerMethodMapping$MappingRegistry.register[543]- Mapped "{[/refresh || /refresh.json],methods=[POST]}" onto public java.lang.Object org.springframework.cloud.endpoint.GenericPostableMvcEndpoint.invoke()
2017-03-17 19:58:40,524 [main] [INFO] org.springframework.web.servlet.handler.AbstractHandlerMethodMapping$MappingRegistry.register[543]- Mapped "{[/actuator || /actuator.json],produces=[application/json]}" onto public org.springframework.hateoas.ResourceSupport org.springframework.boot.actuate.endpoint.mvc.HalJsonMvcEndpoint.links()
2017-03-17 19:58:40,899 [main] [INFO] org.springframework.ui.freemarker.SpringTemplateLoader.<init>[61]- SpringTemplateLoader for FreeMarker: using resource loader [org.springframework.web.context.support.GenericWebApplicationContext@1a7c7db: startup date [Fri Mar 17 19:58:33 CST 2017]; parent: org.springframework.context.annotation.AnnotationConfigApplicationContext@50dbcaa4] and template loader path [classpath:/templates/]
2017-03-17 19:58:40,901 [main] [INFO] org.springframework.web.servlet.view.freemarker.FreeMarkerConfigurer.postProcessTemplateLoaders[127]- ClassTemplateLoader for Spring macros added to FreeMarker configuration
2017-03-17 19:58:41,239 [main] [WARN] org.springframework.cloud.netflix.archaius.ArchaiusAutoConfiguration.configureArchaius[137]- No spring.application.name found, defaulting to 'application'
2017-03-17 19:58:41,251 [main] [WARN] com.netflix.config.sources.URLConfigurationSource.<init>[121]- No URLs will be polled as dynamic configuration sources.
2017-03-17 19:58:41,252 [main] [INFO] com.netflix.config.sources.URLConfigurationSource.<init>[122]- To enable URLs as dynamic configuration sources, define System property archaius.configurationSource.additionalUrls or make config.properties available on classpath.
2017-03-17 19:58:41,266 [main] [WARN] com.netflix.config.sources.URLConfigurationSource.<init>[121]- No URLs will be polled as dynamic configuration sources.
2017-03-17 19:58:41,267 [main] [INFO] com.netflix.config.sources.URLConfigurationSource.<init>[122]- To enable URLs as dynamic configuration sources, define System property archaius.configurationSource.additionalUrls or make config.properties available on classpath.
